Removed Pin From Net: NetName=GNDP Pin=C2-2
Added Component: Designator=C200(RB12.7-25*)
Added Component: Designator=C201(RB12.7-25*)
Added Component: Designator=C202(RB12.7-25*)
Added Component: Designator=T1(TRF_8)
Added Pin To Net: NetName=GNDP Pin=C200-2
Added Pin To Net: NetName=Net*1_1 Pin=C201-1
Added Pin To Net: NetName=GNDP Pin=C202-2
Added Pin To Net: NetName=NetQ3_2 Pin=T1-1
Added Pin To Net: NetName=C_24V Pin=T1-2
Added Pin To Net: NetName=C_24V Pin=T1-3
Added Pin To Net: NetName=NetQ4_2 Pin=T1-4
Added Pin To Net: NetName=NetD4_1 Pin=T1-5
Added Pin To Net: NetName=NetD7_1 Pin=T1-6
Added Pin To Net: NetName=NetD9_1 Pin=T1-7
Added Pin To Net: NetName=NetD11_1 Pin=T1-8
Added Pin To Net: NetName=NetC2_2 Pin=C2-2
Added Pin To Net: NetName=NetC2_2 Pin=C202-1
Added Net: Name=NetC2_2
Added Pin To Net: NetName=NetC200_1 Pin=C200-1
Added Pin To Net: NetName=NetC200_1 Pin=C201-2
Added Net: Name=NetC200_1
Added Member To Class: ClassName=driver y convertidor Member=Component C200 Cap Pol1
Added Member To Class: ClassName=driver y convertidor Member=Component C201 Cap Pol1
Added Member To Class: ClassName=driver y convertidor Member=Component C202 Cap Pol1
Added Member To Class: ClassName=fuentes_15V_5V_3.3V Member=Component T1 Trans BB
