Added Component: Designator=*1(Sensor Corriente ACS 709)
Added Component: Designator=*2(Sensor Corriente ACS 709)
Added Component: Designator=*3(Sens Tension HCPL-788J)
Added Component: Designator=*4(Sens Tension HCPL-788J)
Added Component: Designator=1(HDR1X2*)
Added Component: Designator=C1(RAD-0.1)
Added Component: Designator=C2(RB12.7-25*)
Added Component: Designator=C3(8-1206)
Added Component: Designator=C4(8-1206)
Added Component: Designator=C5(8-1206)
Added Component: Designator=C6(8-1206)
Added Component: Designator=C7(RB7.6-18.2*)
Added Component: Designator=C8(8-1206)
Added Component: Designator=C9(RB7.6-18.2*)
Added Component: Designator=C10(8-1206)
Added Component: Designator=C11(8-1206)
Added Component: Designator=C12(RB3.5-8*)
Added Component: Designator=C13(RB5.8-6.4*)
Added Component: Designator=C14(8-1206)
Added Component: Designator=C15(8-1206)
Added Component: Designator=C16(RB3.5-8*)
Added Component: Designator=C17(RB3.5-8*)
Added Component: Designator=C18(RB5.8-6.4*)
Added Component: Designator=C19(8-1206)
Added Component: Designator=C20(8-1206)
Added Component: Designator=C21(8-1206)
Added Component: Designator=C22(8-1206)
Added Component: Designator=C23(8-1206)
Added Component: Designator=C24(RAD-0.1)
Added Component: Designator=C25(8-1206)
Added Component: Designator=C26(8-1206)
Added Component: Designator=C27(8-1206)
Added Component: Designator=C28(RAD-0.1)
Added Component: Designator=C29(8-1206)
Added Component: Designator=C30(RAD-0.1)
Added Component: Designator=C31(8-1206)
Added Component: Designator=C32(8-1206)
Added Component: Designator=C33(8-1206)
Added Component: Designator=C34(RAD-0.1)
Added Component: Designator=C35(8-1206)
Added Component: Designator=C36(RAD-0.1)
Added Component: Designator=C37(8-1206)
Added Component: Designator=C38(8-1206)
Added Component: Designator=C39(8-1206)
Added Component: Designator=C40(8-1206)
Added Component: Designator=C41(RAD-0.1)
Added Component: Designator=C42(8-1206)
Added Component: Designator=C43(8-1206)
Added Component: Designator=C44(8-1206)
Added Component: Designator=C45(RAD-0.1)
Added Component: Designator=C46(8-1206)
Added Component: Designator=C47(8-1206)
Added Component: Designator=C48(8-1206)
Added Component: Designator=C49(8-1206)
Added Component: Designator=C50(RAD-0.1)
Added Component: Designator=C51(8-1206)
Added Component: Designator=C52(8-1206)
Added Component: Designator=C53(8-1206)
Added Component: Designator=CF1(8-1206)
Added Component: Designator=CF2(8-1206)
Added Component: Designator=D1(CASE 267*)
Added Component: Designator=D2(DO-35)
Added Component: Designator=D3(DO-35)
Added Component: Designator=D4(CASE403A*)
Added Component: Designator=D5(DO-35)
Added Component: Designator=D6(CASE403A*)
Added Component: Designator=D7(CASE403A*)
Added Component: Designator=D8(CASE403A*)
Added Component: Designator=D9(CASE403A*)
Added Component: Designator=D10(CASE403A*)
Added Component: Designator=D11(CASE403A*)
Added Component: Designator=D12(CASE403A*)
Added Component: Designator=D13(DO-35)
Added Component: Designator=D14(SOD123*)
Added Component: Designator=D15(SOD123*)
Added Component: Designator=D16(SOD123*)
Added Component: Designator=D17(SOT-143*)
Added Component: Designator=D18(SOD123*)
Added Component: Designator=D19(SOT-143*)
Added Component: Designator=P1(HDR1X3*)
Added Component: Designator=P2(HDR1X2-POT*)
Added Component: Designator=P3(HDR1X2-POT*)
Added Component: Designator=P4(HDR1X3*)
Added Component: Designator=P5(HDR1X2*)
Added Component: Designator=P6(HDR1X3*)
Added Component: Designator=P7(HDR1X2*)
Added Component: Designator=P8(HDR1X3*)
Added Component: Designator=P9(HDR1X2*)
Added Component: Designator=P10(HDR1X3*)
Added Component: Designator=P11(HDR1X2*)
Added Component: Designator=Q1(TO-247AC)
Added Component: Designator=Q2(TO-247AC)
Added Component: Designator=Q3(TO220*)
Added Component: Designator=R1(8-1206)
Added Component: Designator=R2(8-1206)
Added Component: Designator=R3(8-1206)
Added Component: Designator=R4(8-1206)
Added Component: Designator=R5(8-1206)
Added Component: Designator=R6(8-1206)
Added Component: Designator=R7(AXIAL-0.4)
Added Component: Designator=R8(VR*)
Added Component: Designator=R9(8-1206)
Added Component: Designator=R10(8-1206)
Added Component: Designator=R11(8-1206)
Added Component: Designator=R12(8-1206)
Added Component: Designator=R13(AXIAL-0.4)
Added Component: Designator=R14(AXIAL-0.4)
Added Component: Designator=R15(8-1206)
Added Component: Designator=R16(AXIAL-0.4)
Added Component: Designator=R17(AXIAL-0.4)
Added Component: Designator=R18(AXIAL-0.4)
Added Component: Designator=R19(AXIAL-0.4)
Added Component: Designator=R20(8-1206)
Added Component: Designator=R21(AXIAL-0.4)
Added Component: Designator=R22(AXIAL-0.4)
Added Component: Designator=R23(AXIAL-0.4)
Added Component: Designator=R24(8-1206)
Added Component: Designator=R25(8-1206)
Added Component: Designator=R26(8-1206)
Added Component: Designator=R27(8-1206)
Added Component: Designator=R28(AXIAL-0.4)
Added Component: Designator=R29(AXIAL-0.4)
Added Component: Designator=R30(AXIAL-0.4)
Added Component: Designator=R31(AXIAL-0.4)
Added Component: Designator=R32(AXIAL-0.4)
Added Component: Designator=R33(AXIAL-0.4)
Added Component: Designator=R34(8-1206)
Added Component: Designator=R35(8-1206)
Added Component: Designator=R36(8-1206)
Added Component: Designator=R37(AXIAL-0.4)
Added Component: Designator=R38(8-1206)
Added Component: Designator=R39(AXIAL-0.4)
Added Component: Designator=R40(AXIAL-0.4)
Added Component: Designator=R41(AXIAL-0.4)
Added Component: Designator=R42(AXIAL-0.4)
Added Component: Designator=TP-ABSVAL1(PIN1)
Added Component: Designator=TP-ABSVAL2(PIN1)
Added Component: Designator=TP-C_1(PIN1)
Added Component: Designator=TP-C_2(PIN1)
Added Component: Designator=TP-C_3(PIN1)
Added Component: Designator=TP-C_4(PIN1)
Added Component: Designator=TP-C_5(PIN1)
Added Component: Designator=TP-C_6(PIN1)
Added Component: Designator=TP-C_7(PIN1)
Added Component: Designator=TP-C_Prec_1(PIN1)
Added Component: Designator=TP-GNDC1(PIN1)
Added Component: Designator=TP-GNDP1(PIN1)
Added Component: Designator=TP-I1(PIN1)
Added Component: Designator=TP-I2(PIN1)
Added Component: Designator=TP-U1(PIN1)
Added Component: Designator=TP-U2(PIN1)
Added Component: Designator=TP-VIOUT1(PIN1)
Added Component: Designator=TP-VIOUT2(PIN1)
Added Component: Designator=U1(PDIP14)
Added Component: Designator=U2(TO220*)
Added Component: Designator=U3(TO220*)
Added Component: Designator=U4(TO220*)
Added Component: Designator=U5(Z03A)
Added Component: Designator=U6(TO220*)
Added Component: Designator=U7(TO220*)
Added Component: Designator=U8(SO-8)
Added Component: Designator=U9(TO220*)
Added Component: Designator=U10(PDIP8-TLC2272*)
Added Component: Designator=U11(PDIP8-TLC2272*)
Added Pin To Net: NetName=C_3.3V Pin=C3-1
Added Pin To Net: NetName=C_3.3V Pin=C10-1
Added Pin To Net: NetName=C_3.3V Pin=R4-1
Added Pin To Net: NetName=C_3.3V Pin=TP-C_5-1
Added Pin To Net: NetName=C_3.3V Pin=U1-9
Added Pin To Net: NetName=C_3.3V Pin=U6-3
Added Net: Name=C_3.3V
Added Pin To Net: NetName=C_5V Pin=*1-20
Added Pin To Net: NetName=C_5V Pin=*2-20
Added Pin To Net: NetName=C_5V Pin=*3-10
Added Pin To Net: NetName=C_5V Pin=*3-15
Added Pin To Net: NetName=C_5V Pin=*4-10
Added Pin To Net: NetName=C_5V Pin=*4-15
Added Pin To Net: NetName=C_5V Pin=C6-1
Added Pin To Net: NetName=C_5V Pin=C22-2
Added Pin To Net: NetName=C_5V Pin=C25-1
Added Pin To Net: NetName=C_5V Pin=C26-1
Added Pin To Net: NetName=C_5V Pin=C31-1
Added Pin To Net: NetName=C_5V Pin=C32-1
Added Pin To Net: NetName=C_5V Pin=C37-1
Added Pin To Net: NetName=C_5V Pin=C42-2
Added Pin To Net: NetName=C_5V Pin=C46-1
Added Pin To Net: NetName=C_5V Pin=C51-2
Added Pin To Net: NetName=C_5V Pin=TP-C_4-1
Added Pin To Net: NetName=C_5V Pin=U4-3
Added Pin To Net: NetName=C_5V Pin=U8-3
Added Pin To Net: NetName=C_5V Pin=U8-6
Added Pin To Net: NetName=C_5V Pin=U10-8
Added Pin To Net: NetName=C_5V Pin=U11-8
Added Net: Name=C_5V
Added Pin To Net: NetName=C_12V Pin=C5-1
Added Pin To Net: NetName=C_12V Pin=C23-1
Added Pin To Net: NetName=C_12V Pin=R7-2
Added Pin To Net: NetName=C_12V Pin=R10-2
Added Pin To Net: NetName=C_12V Pin=R11-1
Added Pin To Net: NetName=C_12V Pin=TP-C_3-1
Added Net: Name=C_12V
Added Pin To Net: NetName=C_15V Pin=C8-1
Added Pin To Net: NetName=C_15V Pin=TP-C_2-1
Added Net: Name=C_15V
Added Pin To Net: NetName=C_24V Pin=C9-1
Added Pin To Net: NetName=C_24V Pin=C16-1
Added Pin To Net: NetName=C_24V Pin=C19-2
Added Pin To Net: NetName=C_24V Pin=TP-C_1-1
Added Net: Name=C_24V
Added Pin To Net: NetName=C_PREC_5V Pin=*3-11
Added Pin To Net: NetName=C_PREC_5V Pin=*4-11
Added Pin To Net: NetName=C_PREC_5V Pin=C43-2
Added Pin To Net: NetName=C_PREC_5V Pin=C52-2
Added Pin To Net: NetName=C_PREC_5V Pin=R7-1
Added Pin To Net: NetName=C_PREC_5V Pin=R8-1
Added Pin To Net: NetName=C_PREC_5V Pin=TP-C_Prec_1-1
Added Pin To Net: NetName=C_PREC_5V Pin=U5-2
Added Net: Name=C_PREC_5V
Added Pin To Net: NetName=GNDC Pin=*1-13
Added Pin To Net: NetName=GNDC Pin=*1-14
Added Pin To Net: NetName=GNDC Pin=*1-15
Added Pin To Net: NetName=GNDC Pin=*1-23
Added Pin To Net: NetName=GNDC Pin=*1-24
Added Pin To Net: NetName=GNDC Pin=*2-13
Added Pin To Net: NetName=GNDC Pin=*2-14
Added Pin To Net: NetName=GNDC Pin=*2-15
Added Pin To Net: NetName=GNDC Pin=*2-23
Added Pin To Net: NetName=GNDC Pin=*2-24
Added Pin To Net: NetName=GNDC Pin=*3-9
Added Pin To Net: NetName=GNDC Pin=*3-16
Added Pin To Net: NetName=GNDC Pin=*4-9
Added Pin To Net: NetName=GNDC Pin=*4-16
Added Pin To Net: NetName=GNDC Pin=1-1
Added Pin To Net: NetName=GNDC Pin=C3-2
Added Pin To Net: NetName=GNDC Pin=C5-2
Added Pin To Net: NetName=GNDC Pin=C6-2
Added Pin To Net: NetName=GNDC Pin=C7-2
Added Pin To Net: NetName=GNDC Pin=C8-2
Added Pin To Net: NetName=GNDC Pin=C9-2
Added Pin To Net: NetName=GNDC Pin=C10-2
Added Pin To Net: NetName=GNDC Pin=C11-2
Added Pin To Net: NetName=GNDC Pin=C16-2
Added Pin To Net: NetName=GNDC Pin=C19-1
Added Pin To Net: NetName=GNDC Pin=C22-1
Added Pin To Net: NetName=GNDC Pin=C23-2
Added Pin To Net: NetName=GNDC Pin=C25-2
Added Pin To Net: NetName=GNDC Pin=C26-2
Added Pin To Net: NetName=GNDC Pin=C27-2
Added Pin To Net: NetName=GNDC Pin=C28-2
Added Pin To Net: NetName=GNDC Pin=C29-2
Added Pin To Net: NetName=GNDC Pin=C31-2
Added Pin To Net: NetName=GNDC Pin=C32-2
Added Pin To Net: NetName=GNDC Pin=C33-2
Added Pin To Net: NetName=GNDC Pin=C34-2
Added Pin To Net: NetName=GNDC Pin=C35-2
Added Pin To Net: NetName=GNDC Pin=C37-2
Added Pin To Net: NetName=GNDC Pin=C38-2
Added Pin To Net: NetName=GNDC Pin=C41-2
Added Pin To Net: NetName=GNDC Pin=C42-1
Added Pin To Net: NetName=GNDC Pin=C43-1
Added Pin To Net: NetName=GNDC Pin=C46-2
Added Pin To Net: NetName=GNDC Pin=C47-2
Added Pin To Net: NetName=GNDC Pin=C50-2
Added Pin To Net: NetName=GNDC Pin=C51-1
Added Pin To Net: NetName=GNDC Pin=C52-1
Added Pin To Net: NetName=GNDC Pin=CF1-1
Added Pin To Net: NetName=GNDC Pin=CF2-1
Added Pin To Net: NetName=GNDC Pin=P5-2
Added Pin To Net: NetName=GNDC Pin=P7-2
Added Pin To Net: NetName=GNDC Pin=P9-2
Added Pin To Net: NetName=GNDC Pin=P11-2
Added Pin To Net: NetName=GNDC Pin=Q3-1
Added Pin To Net: NetName=GNDC Pin=Q3-3
Added Pin To Net: NetName=GNDC Pin=R3-1
Added Pin To Net: NetName=GNDC Pin=R5-2
Added Pin To Net: NetName=GNDC Pin=R8-3
Added Pin To Net: NetName=GNDC Pin=R14-1
Added Pin To Net: NetName=GNDC Pin=R17-2
Added Pin To Net: NetName=GNDC Pin=R19-1
Added Pin To Net: NetName=GNDC Pin=R22-2
Added Pin To Net: NetName=GNDC Pin=R28-1
Added Pin To Net: NetName=GNDC Pin=R31-2
Added Pin To Net: NetName=GNDC Pin=R37-1
Added Pin To Net: NetName=GNDC Pin=R42-2
Added Pin To Net: NetName=GNDC Pin=TP-GNDC1-1
Added Pin To Net: NetName=GNDC Pin=U1-4
Added Pin To Net: NetName=GNDC Pin=U1-8
Added Pin To Net: NetName=GNDC Pin=U1-13
Added Pin To Net: NetName=GNDC Pin=U2-2
Added Pin To Net: NetName=GNDC Pin=U3-2
Added Pin To Net: NetName=GNDC Pin=U4-2
Added Pin To Net: NetName=GNDC Pin=U5-1
Added Pin To Net: NetName=GNDC Pin=U6-2
Added Pin To Net: NetName=GNDC Pin=U8-2
Added Pin To Net: NetName=GNDC Pin=U8-4
Added Pin To Net: NetName=GNDC Pin=U8-5
Added Pin To Net: NetName=GNDC Pin=U8-7
Added Pin To Net: NetName=GNDC Pin=U10-4
Added Pin To Net: NetName=GNDC Pin=U11-4
Added Net: Name=GNDC
Added Pin To Net: NetName=GNDP Pin=*3-2
Added Pin To Net: NetName=GNDP Pin=*3-8
Added Pin To Net: NetName=GNDP Pin=*4-2
Added Pin To Net: NetName=GNDP Pin=*4-8
Added Pin To Net: NetName=GNDP Pin=C2-2
Added Pin To Net: NetName=GNDP Pin=C4-2
Added Pin To Net: NetName=GNDP Pin=C12-2
Added Pin To Net: NetName=GNDP Pin=C13-2
Added Pin To Net: NetName=GNDP Pin=C14-1
Added Pin To Net: NetName=GNDP Pin=C15-1
Added Pin To Net: NetName=GNDP Pin=C17-2
Added Pin To Net: NetName=GNDP Pin=C18-2
Added Pin To Net: NetName=GNDP Pin=C20-1
Added Pin To Net: NetName=GNDP Pin=C21-1
Added Pin To Net: NetName=GNDP Pin=C39-2
Added Pin To Net: NetName=GNDP Pin=C44-2
Added Pin To Net: NetName=GNDP Pin=C48-2
Added Pin To Net: NetName=GNDP Pin=C53-2
Added Pin To Net: NetName=GNDP Pin=D6-1
Added Pin To Net: NetName=GNDP Pin=D8-1
Added Pin To Net: NetName=GNDP Pin=D10-1
Added Pin To Net: NetName=GNDP Pin=D12-1
Added Pin To Net: NetName=GNDP Pin=D17-2
Added Pin To Net: NetName=GNDP Pin=D17-4
Added Pin To Net: NetName=GNDP Pin=D19-2
Added Pin To Net: NetName=GNDP Pin=D19-4
Added Pin To Net: NetName=GNDP Pin=P2-2
Added Pin To Net: NetName=GNDP Pin=P3-2
Added Pin To Net: NetName=GNDP Pin=Q2-3
Added Pin To Net: NetName=GNDP Pin=R32-2
Added Pin To Net: NetName=GNDP Pin=R41-2
Added Pin To Net: NetName=GNDP Pin=TP-GNDP1-1
Added Pin To Net: NetName=GNDP Pin=U1-2
Added Pin To Net: NetName=GNDP Pin=U1-14
Added Pin To Net: NetName=GNDP Pin=U7-2
Added Pin To Net: NetName=GNDP Pin=U9-2
Added Net: Name=GNDP
Added Pin To Net: NetName=Net1_2 Pin=1-2
Added Pin To Net: NetName=Net1_2 Pin=C7-1
Added Pin To Net: NetName=Net1_2 Pin=U2-1
Added Net: Name=Net1_2
Added Pin To Net: NetName=Net*1_1 Pin=*1-1
Added Pin To Net: NetName=Net*1_1 Pin=*1-2
Added Pin To Net: NetName=Net*1_1 Pin=*1-3
Added Pin To Net: NetName=Net*1_1 Pin=*1-4
Added Pin To Net: NetName=Net*1_1 Pin=*1-5
Added Pin To Net: NetName=Net*1_1 Pin=*1-6
Added Pin To Net: NetName=Net*1_1 Pin=C2-1
Added Pin To Net: NetName=Net*1_1 Pin=Q1-2
Added Net: Name=Net*1_1
Added Pin To Net: NetName=Net*1_7 Pin=*1-7
Added Pin To Net: NetName=Net*1_7 Pin=*1-8
Added Pin To Net: NetName=Net*1_7 Pin=*1-9
Added Pin To Net: NetName=Net*1_7 Pin=*1-10
Added Pin To Net: NetName=Net*1_7 Pin=*1-11
Added Pin To Net: NetName=Net*1_7 Pin=*1-12
Added Pin To Net: NetName=Net*1_7 Pin=P2-1
Added Pin To Net: NetName=Net*1_7 Pin=R34-1
Added Net: Name=Net*1_7
Added Pin To Net: NetName=Net*1_16 Pin=*1-16
Added Pin To Net: NetName=Net*1_16 Pin=C29-1
Added Net: Name=Net*1_16
Added Pin To Net: NetName=Net*1_17 Pin=*1-17
Added Pin To Net: NetName=Net*1_17 Pin=CF1-2
Added Net: Name=Net*1_17
Added Pin To Net: NetName=Net*1_18 Pin=*1-18
Added Pin To Net: NetName=Net*1_18 Pin=R16-1
Added Pin To Net: NetName=Net*1_18 Pin=TP-VIOUT1-1
Added Net: Name=Net*1_18
Added Pin To Net: NetName=Net*1_19 Pin=*1-19
Added Pin To Net: NetName=Net*1_19 Pin=P4-3
Added Net: Name=Net*1_19
Added Pin To Net: NetName=Net*1_21 Pin=*1-21
Added Pin To Net: NetName=Net*1_21 Pin=P4-2
Added Net: Name=Net*1_21
Added Pin To Net: NetName=Net*1_22 Pin=*1-22
Added Pin To Net: NetName=Net*1_22 Pin=P4-1
Added Net: Name=Net*1_22
Added Pin To Net: NetName=Net*2_1 Pin=*2-1
Added Pin To Net: NetName=Net*2_1 Pin=*2-2
Added Pin To Net: NetName=Net*2_1 Pin=*2-3
Added Pin To Net: NetName=Net*2_1 Pin=*2-4
Added Pin To Net: NetName=Net*2_1 Pin=*2-5
Added Pin To Net: NetName=Net*2_1 Pin=*2-6
Added Net: Name=Net*2_1
Added Pin To Net: NetName=Net*2_7 Pin=*2-7
Added Pin To Net: NetName=Net*2_7 Pin=*2-8
Added Pin To Net: NetName=Net*2_7 Pin=*2-9
Added Pin To Net: NetName=Net*2_7 Pin=*2-10
Added Pin To Net: NetName=Net*2_7 Pin=*2-11
Added Pin To Net: NetName=Net*2_7 Pin=*2-12
Added Pin To Net: NetName=Net*2_7 Pin=P3-1
Added Pin To Net: NetName=Net*2_7 Pin=R24-1
Added Net: Name=Net*2_7
Added Pin To Net: NetName=Net*2_16 Pin=*2-16
Added Pin To Net: NetName=Net*2_16 Pin=C35-1
Added Net: Name=Net*2_16
Added Pin To Net: NetName=Net*2_17 Pin=*2-17
Added Pin To Net: NetName=Net*2_17 Pin=CF2-2
Added Net: Name=Net*2_17
Added Pin To Net: NetName=Net*2_18 Pin=*2-18
Added Pin To Net: NetName=Net*2_18 Pin=R21-1
Added Pin To Net: NetName=Net*2_18 Pin=TP-VIOUT2-1
Added Net: Name=Net*2_18
Added Pin To Net: NetName=Net*2_19 Pin=*2-19
Added Pin To Net: NetName=Net*2_19 Pin=P6-3
Added Net: Name=Net*2_19
Added Pin To Net: NetName=Net*2_21 Pin=*2-21
Added Pin To Net: NetName=Net*2_21 Pin=P6-2
Added Net: Name=Net*2_21
Added Pin To Net: NetName=Net*2_22 Pin=*2-22
Added Pin To Net: NetName=Net*2_22 Pin=P6-1
Added Net: Name=Net*2_22
Added Pin To Net: NetName=Net*3_1 Pin=*3-1
Added Pin To Net: NetName=Net*3_1 Pin=C39-1
Added Pin To Net: NetName=Net*3_1 Pin=D17-1
Added Pin To Net: NetName=Net*3_1 Pin=D17-3
Added Pin To Net: NetName=Net*3_1 Pin=R26-2
Added Pin To Net: NetName=Net*3_1 Pin=R30-1
Added Net: Name=Net*3_1
Added Pin To Net: NetName=Net*3_3 Pin=*3-3
Added Pin To Net: NetName=Net*3_3 Pin=C40-1
Added Net: Name=Net*3_3
Added Pin To Net: NetName=Net*3_4 Pin=*3-4
Added Pin To Net: NetName=Net*3_4 Pin=C40-2
Added Net: Name=Net*3_4
Added Pin To Net: NetName=Net*3_6 Pin=*3-6
Added Pin To Net: NetName=Net*3_6 Pin=P8-1
Added Net: Name=Net*3_6
Added Pin To Net: NetName=Net*3_12 Pin=*3-12
Added Pin To Net: NetName=Net*3_12 Pin=P8-3
Added Net: Name=Net*3_12
Added Pin To Net: NetName=Net*3_13 Pin=*3-13
Added Pin To Net: NetName=Net*3_13 Pin=R29-1
Added Pin To Net: NetName=Net*3_13 Pin=TP-ABSVAL1-1
Added Net: Name=Net*3_13
Added Pin To Net: NetName=Net*3_14 Pin=*3-14
Added Pin To Net: NetName=Net*3_14 Pin=P8-2
Added Net: Name=Net*3_14
Added Pin To Net: NetName=Net*4_1 Pin=*4-1
Added Pin To Net: NetName=Net*4_1 Pin=C48-1
Added Pin To Net: NetName=Net*4_1 Pin=D19-1
Added Pin To Net: NetName=Net*4_1 Pin=D19-3
Added Pin To Net: NetName=Net*4_1 Pin=R36-2
Added Pin To Net: NetName=Net*4_1 Pin=R39-1
Added Net: Name=Net*4_1
Added Pin To Net: NetName=Net*4_3 Pin=*4-3
Added Pin To Net: NetName=Net*4_3 Pin=C49-1
Added Net: Name=Net*4_3
Added Pin To Net: NetName=Net*4_4 Pin=*4-4
Added Pin To Net: NetName=Net*4_4 Pin=C49-2
Added Net: Name=Net*4_4
Added Pin To Net: NetName=Net*4_6 Pin=*4-6
Added Pin To Net: NetName=Net*4_6 Pin=P10-1
Added Net: Name=Net*4_6
Added Pin To Net: NetName=Net*4_12 Pin=*4-12
Added Pin To Net: NetName=Net*4_12 Pin=P10-3
Added Net: Name=Net*4_12
Added Pin To Net: NetName=Net*4_13 Pin=*4-13
Added Pin To Net: NetName=Net*4_13 Pin=R40-1
Added Pin To Net: NetName=Net*4_13 Pin=TP-ABSVAL2-1
Added Net: Name=Net*4_13
Added Pin To Net: NetName=Net*4_14 Pin=*4-14
Added Pin To Net: NetName=Net*4_14 Pin=P10-2
Added Net: Name=Net*4_14
Added Pin To Net: NetName=NetC1_1 Pin=C1-1
Added Pin To Net: NetName=NetC1_1 Pin=D1-2
Added Pin To Net: NetName=NetC1_1 Pin=U1-6
Added Net: Name=NetC1_1
Added Pin To Net: NetName=NetC1_2 Pin=C1-2
Added Pin To Net: NetName=NetC1_2 Pin=Q1-3
Added Pin To Net: NetName=NetC1_2 Pin=Q2-2
Added Pin To Net: NetName=NetC1_2 Pin=U1-5
Added Net: Name=NetC1_2
Added Pin To Net: NetName=NetC11_1 Pin=C11-1
Added Pin To Net: NetName=NetC11_1 Pin=U3-3
Added Pin To Net: NetName=NetC11_1 Pin=U4-1
Added Pin To Net: NetName=NetC11_1 Pin=U6-1
Added Net: Name=NetC11_1
Added Pin To Net: NetName=NetC12_1 Pin=C12-1
Added Pin To Net: NetName=NetC12_1 Pin=C14-2
Added Pin To Net: NetName=NetC12_1 Pin=D4-2
Added Pin To Net: NetName=NetC12_1 Pin=D7-2
Added Pin To Net: NetName=NetC12_1 Pin=U7-1
Added Net: Name=NetC12_1
Added Pin To Net: NetName=NetC17_1 Pin=C17-1
Added Pin To Net: NetName=NetC17_1 Pin=C20-2
Added Pin To Net: NetName=NetC17_1 Pin=D9-2
Added Pin To Net: NetName=NetC17_1 Pin=D11-2
Added Pin To Net: NetName=NetC17_1 Pin=U9-1
Added Net: Name=NetC17_1
Added Pin To Net: NetName=NetC24_1 Pin=C24-1
Added Pin To Net: NetName=NetC24_1 Pin=R13-1
Added Pin To Net: NetName=NetC24_1 Pin=R14-2
Added Pin To Net: NetName=NetC24_1 Pin=U10-2
Added Net: Name=NetC24_1
Added Pin To Net: NetName=NetC24_2 Pin=C24-2
Added Pin To Net: NetName=NetC24_2 Pin=R13-2
Added Pin To Net: NetName=NetC24_2 Pin=R15-1
Added Pin To Net: NetName=NetC24_2 Pin=U10-1
Added Net: Name=NetC24_2
Added Pin To Net: NetName=NetC27_1 Pin=C27-1
Added Pin To Net: NetName=NetC27_1 Pin=D14-1
Added Pin To Net: NetName=NetC27_1 Pin=P5-1
Added Pin To Net: NetName=NetC27_1 Pin=R15-2
Added Pin To Net: NetName=NetC27_1 Pin=TP-I1-1
Added Net: Name=NetC27_1
Added Pin To Net: NetName=NetC28_1 Pin=C28-1
Added Pin To Net: NetName=NetC28_1 Pin=R16-2
Added Pin To Net: NetName=NetC28_1 Pin=R17-1
Added Pin To Net: NetName=NetC28_1 Pin=U10-3
Added Net: Name=NetC28_1
Added Pin To Net: NetName=NetC30_1 Pin=C30-1
Added Pin To Net: NetName=NetC30_1 Pin=R18-1
Added Pin To Net: NetName=NetC30_1 Pin=R19-2
Added Pin To Net: NetName=NetC30_1 Pin=U10-6
Added Net: Name=NetC30_1
Added Pin To Net: NetName=NetC30_2 Pin=C30-2
Added Pin To Net: NetName=NetC30_2 Pin=R18-2
Added Pin To Net: NetName=NetC30_2 Pin=R20-1
Added Pin To Net: NetName=NetC30_2 Pin=U10-7
Added Net: Name=NetC30_2
Added Pin To Net: NetName=NetC33_1 Pin=C33-1
Added Pin To Net: NetName=NetC33_1 Pin=D15-1
Added Pin To Net: NetName=NetC33_1 Pin=P7-1
Added Pin To Net: NetName=NetC33_1 Pin=R20-2
Added Pin To Net: NetName=NetC33_1 Pin=TP-I2-1
Added Net: Name=NetC33_1
Added Pin To Net: NetName=NetC34_1 Pin=C34-1
Added Pin To Net: NetName=NetC34_1 Pin=R21-2
Added Pin To Net: NetName=NetC34_1 Pin=R22-1
Added Pin To Net: NetName=NetC34_1 Pin=U10-5
Added Net: Name=NetC34_1
Added Pin To Net: NetName=NetC36_1 Pin=C36-1
Added Pin To Net: NetName=NetC36_1 Pin=R23-1
Added Pin To Net: NetName=NetC36_1 Pin=R28-2
Added Pin To Net: NetName=NetC36_1 Pin=U11-2
Added Net: Name=NetC36_1
Added Pin To Net: NetName=NetC36_2 Pin=C36-2
Added Pin To Net: NetName=NetC36_2 Pin=R23-2
Added Pin To Net: NetName=NetC36_2 Pin=R27-1
Added Pin To Net: NetName=NetC36_2 Pin=U11-1
Added Net: Name=NetC36_2
Added Pin To Net: NetName=NetC38_1 Pin=C38-1
Added Pin To Net: NetName=NetC38_1 Pin=D16-1
Added Pin To Net: NetName=NetC38_1 Pin=P9-1
Added Pin To Net: NetName=NetC38_1 Pin=R27-2
Added Pin To Net: NetName=NetC38_1 Pin=TP-U1-1
Added Net: Name=NetC38_1
Added Pin To Net: NetName=NetC41_1 Pin=C41-1
Added Pin To Net: NetName=NetC41_1 Pin=R29-2
Added Pin To Net: NetName=NetC41_1 Pin=R31-1
Added Pin To Net: NetName=NetC41_1 Pin=U11-3
Added Net: Name=NetC41_1
Added Pin To Net: NetName=NetC45_1 Pin=C45-1
Added Pin To Net: NetName=NetC45_1 Pin=R33-1
Added Pin To Net: NetName=NetC45_1 Pin=R37-2
Added Pin To Net: NetName=NetC45_1 Pin=U11-6
Added Net: Name=NetC45_1
Added Pin To Net: NetName=NetC45_2 Pin=C45-2
Added Pin To Net: NetName=NetC45_2 Pin=R33-2
Added Pin To Net: NetName=NetC45_2 Pin=R38-1
Added Pin To Net: NetName=NetC45_2 Pin=U11-7
Added Net: Name=NetC45_2
Added Pin To Net: NetName=NetC47_1 Pin=C47-1
Added Pin To Net: NetName=NetC47_1 Pin=D18-1
Added Pin To Net: NetName=NetC47_1 Pin=P11-1
Added Pin To Net: NetName=NetC47_1 Pin=R38-2
Added Pin To Net: NetName=NetC47_1 Pin=TP-U2-1
Added Net: Name=NetC47_1
Added Pin To Net: NetName=NetC50_1 Pin=C50-1
Added Pin To Net: NetName=NetC50_1 Pin=R40-2
Added Pin To Net: NetName=NetC50_1 Pin=R42-1
Added Pin To Net: NetName=NetC50_1 Pin=U11-5
Added Net: Name=NetC50_1
Added Pin To Net: NetName=NetD1_1 Pin=D1-1
Added Pin To Net: NetName=NetD1_1 Pin=R1-2
Added Net: Name=NetD1_1
Added Pin To Net: NetName=NetD2_1 Pin=D2-1
Added Pin To Net: NetName=NetD2_1 Pin=Q1-1
Added Pin To Net: NetName=NetD2_1 Pin=R2-2
Added Net: Name=NetD2_1
Added Pin To Net: NetName=NetD2_2 Pin=D2-2
Added Pin To Net: NetName=NetD2_2 Pin=R2-1
Added Pin To Net: NetName=NetD2_2 Pin=U1-7
Added Net: Name=NetD2_2
Added Pin To Net: NetName=NetD3_1 Pin=D3-1
Added Pin To Net: NetName=NetD3_1 Pin=Q2-1
Added Pin To Net: NetName=NetD3_1 Pin=R6-2
Added Net: Name=NetD3_1
Added Pin To Net: NetName=NetD3_2 Pin=D3-2
Added Pin To Net: NetName=NetD3_2 Pin=R6-1
Added Pin To Net: NetName=NetD3_2 Pin=U1-1
Added Net: Name=NetD3_2
Added Pin To Net: NetName=NetD4_1 Pin=D4-1
Added Pin To Net: NetName=NetD4_1 Pin=D6-2
Added Net: Name=NetD4_1
Added Pin To Net: NetName=NetD5_1 Pin=D5-1
Added Pin To Net: NetName=NetD5_1 Pin=Q3-2
Added Pin To Net: NetName=NetD5_1 Pin=R9-2
Added Net: Name=NetD5_1
Added Pin To Net: NetName=NetD5_2 Pin=D5-2
Added Pin To Net: NetName=NetD5_2 Pin=R9-1
Added Pin To Net: NetName=NetD5_2 Pin=R10-1
Added Pin To Net: NetName=NetD5_2 Pin=U8-1
Added Net: Name=NetD5_2
Added Pin To Net: NetName=NetD7_1 Pin=D7-1
Added Pin To Net: NetName=NetD7_1 Pin=D8-2
Added Net: Name=NetD7_1
Added Pin To Net: NetName=NetD9_1 Pin=D9-1
Added Pin To Net: NetName=NetD9_1 Pin=D10-2
Added Net: Name=NetD9_1
Added Pin To Net: NetName=NetD11_1 Pin=D11-1
Added Pin To Net: NetName=NetD11_1 Pin=D12-2
Added Net: Name=NetD11_1
Added Pin To Net: NetName=NetD13_1 Pin=D13-1
Added Pin To Net: NetName=NetD13_1 Pin=R12-2
Added Net: Name=NetD13_1
Added Pin To Net: NetName=NetD13_2 Pin=D13-2
Added Pin To Net: NetName=NetD13_2 Pin=R11-2
Added Pin To Net: NetName=NetD13_2 Pin=R12-1
Added Pin To Net: NetName=NetD13_2 Pin=U8-8
Added Net: Name=NetD13_2
Added Pin To Net: NetName=NetP1_1 Pin=P1-1
Added Pin To Net: NetName=NetP1_1 Pin=R5-1
Added Pin To Net: NetName=NetP1_1 Pin=U1-12
Added Net: Name=NetP1_1
Added Pin To Net: NetName=NetP1_2 Pin=P1-2
Added Pin To Net: NetName=NetP1_2 Pin=R4-2
Added Pin To Net: NetName=NetP1_2 Pin=U1-11
Added Net: Name=NetP1_2
Added Pin To Net: NetName=NetP1_3 Pin=P1-3
Added Pin To Net: NetName=NetP1_3 Pin=R3-2
Added Pin To Net: NetName=NetP1_3 Pin=U1-10
Added Net: Name=NetP1_3
Added Net: Name=NetQ3_5
Added Net: Name=NetQ3_7
Added Pin To Net: NetName=NetR8_2 Pin=R8-2
Added Pin To Net: NetName=NetR8_2 Pin=U5-3
Added Net: Name=NetR8_2
Added Pin To Net: NetName=NetR24_2 Pin=R24-2
Added Pin To Net: NetName=NetR24_2 Pin=R25-1
Added Net: Name=NetR24_2
Added Pin To Net: NetName=NetR25_2 Pin=R25-2
Added Pin To Net: NetName=NetR25_2 Pin=R26-1
Added Net: Name=NetR25_2
Added Pin To Net: NetName=NetR30_2 Pin=R30-2
Added Pin To Net: NetName=NetR30_2 Pin=R32-1
Added Net: Name=NetR30_2
Added Pin To Net: NetName=NetR34_2 Pin=R34-2
Added Pin To Net: NetName=NetR34_2 Pin=R35-1
Added Net: Name=NetR34_2
Added Pin To Net: NetName=NetR35_2 Pin=R35-2
Added Pin To Net: NetName=NetR35_2 Pin=R36-1
Added Net: Name=NetR35_2
Added Pin To Net: NetName=NetR39_2 Pin=R39-2
Added Pin To Net: NetName=NetR39_2 Pin=R41-1
Added Net: Name=NetR39_2
Added Pin To Net: NetName=NetU2_3 Pin=U2-3
Added Pin To Net: NetName=NetU2_3 Pin=U3-1
Added Net: Name=NetU2_3
Added Pin To Net: NetName=P_5V Pin=*3-5
Added Pin To Net: NetName=P_5V Pin=*3-7
Added Pin To Net: NetName=P_5V Pin=*4-5
Added Pin To Net: NetName=P_5V Pin=*4-7
Added Pin To Net: NetName=P_5V Pin=C18-1
Added Pin To Net: NetName=P_5V Pin=C21-2
Added Pin To Net: NetName=P_5V Pin=C44-1
Added Pin To Net: NetName=P_5V Pin=C53-1
Added Pin To Net: NetName=P_5V Pin=TP-C_7-1
Added Pin To Net: NetName=P_5V Pin=U9-3
Added Net: Name=P_5V
Added Pin To Net: NetName=P_15V Pin=C4-1
Added Pin To Net: NetName=P_15V Pin=C13-1
Added Pin To Net: NetName=P_15V Pin=C15-2
Added Pin To Net: NetName=P_15V Pin=R1-1
Added Pin To Net: NetName=P_15V Pin=TP-C_6-1
Added Pin To Net: NetName=P_15V Pin=U1-3
Added Pin To Net: NetName=P_15V Pin=U7-3
Added Net: Name=P_15V
Added Class: Name=driver y convertidor
Added Class: Name=fuentes_15V_5V_3.3V
Added Class: Name=sensor de corriente
Added Class: Name=sensor de tension
Added Room: Name=driver y convertidor
Added Room: Name=fuentes_15V_5V_3.3V
Added Room: Name=sensor de corriente
Added Room: Name=sensor de tension
