Added Component: Designator=Cd7(8-1206)
Added Component: Designator=Inv(74HCT00)
Added Pin To Net: NetName=C_5V Pin=Cd7-1
Added Pin To Net: NetName=GNDC Pin=Cd7-2
Added Pin To Net: NetName=GNDC Pin=Inv-7
Added Pin To Net: NetName=GNDC Pin=Inv-9
Added Pin To Net: NetName=GNDC Pin=Inv-11
Added Pin To Net: NetName=GNDC Pin=Inv-13
Added Pin To Net: NetName=C_5V Pin=Inv-14
Added Pin To Net: NetName=NetInv_1 Pin=Inv-1
Added Pin To Net: NetName=NetInv_1 Pin=Nand-1
Added Pin To Net: NetName=NetInv_1 Pin=P1-2
Added Net: Name=NetInv_1
Added Pin To Net: NetName=NetInv_2 Pin=Inv-2
Added Pin To Net: NetName=NetInv_2 Pin=Rl2-1
Added Net: Name=NetInv_2
Added Pin To Net: NetName=NetInv_3 Pin=Inv-3
Added Pin To Net: NetName=NetInv_3 Pin=Nand-2
Added Pin To Net: NetName=NetInv_3 Pin=P1-4
Added Net: Name=NetInv_3
Added Pin To Net: NetName=NetInv_4 Pin=Inv-4
Added Pin To Net: NetName=NetInv_4 Pin=Rl1-1
Added Net: Name=NetInv_4
Added Pin To Net: NetName=NetInv_5 Pin=Inv-5
Added Pin To Net: NetName=NetInv_5 Pin=Nand-8
Added Net: Name=NetInv_5
Added Pin To Net: NetName=NetInv_6 Pin=Inv-6
Added Pin To Net: NetName=NetInv_6 Pin=Rl3-1
Added Net: Name=NetInv_6
Added Member To Class: ClassName=driver y convertidor Member=Component Cd7 Capd2
Added Member To Class: ClassName=driver y convertidor Member=Component Inv 74HCT04
