Removed Pin From Net: NetName=C_3.3V Pin=C3-1
Removed Pin From Net: NetName=C_24V Pin=C9-1
Removed Pin From Net: NetName=GNDC Pin=C9-2
Removed Pin From Net: NetName=C_3.3V Pin=R4-1
Removed Pin From Net: NetName=GNDC Pin=U1-4
Removed Pin From Net: NetName=C_3.3V Pin=U1-9
Removed Pin From Net: NetName=GNDP Pin=U1-14
Removed Pin From Net: NetName=C_12V Pin=U6-1
Removed Pin From Net: NetName=C_3.3V Pin=U6-2
Removed Pin From Net: NetName=GNDC Pin=U6-3
Removed Pin From Net: NetName=NetP1_4 Pin=U50-1
Removed Pin From Net: NetName=NetP1_3 Pin=U50-3
Removed Pin From Net: NetName=NetP1_2 Pin=U50-5
Removed Pin From Net: NetName=GNDC Pin=U50-7
Removed Pin From Net: NetName=GNDC Pin=U50-9
Removed Pin From Net: NetName=GNDC Pin=U50-11
Removed Pin From Net: NetName=GNDC Pin=U50-13
Removed Pin From Net: NetName=C_3.3V Pin=U50-14
Removed Pin From Net: NetName=NetR3_2 Pin=U51-2
Removed Pin From Net: NetName=NetR4_2 Pin=U51-4
Removed Pin From Net: NetName=NetR5_1 Pin=U51-6
Removed Pin From Net: NetName=GNDC Pin=U51-7
Removed Pin From Net: NetName=GNDC Pin=U51-9
Removed Pin From Net: NetName=GNDC Pin=U51-11
Removed Pin From Net: NetName=GNDC Pin=U51-13
Removed Pin From Net: NetName=C_3.3V Pin=U51-14
Removed Member From Class: ClassName=driver y convertidor Member=U50
Removed Member From Class: ClassName=driver y convertidor Member=U51
Change Component Designator: OldDesignator=*1 NewDesignator=SIC
Change Component Designator: OldDesignator=*2 NewDesignator=SIP
Change Component Designator: OldDesignator=*3 NewDesignator=SUP
Change Component Designator: OldDesignator=*4 NewDesignator=SUC
Added Component: Designator=U52(TC4424-DIP8)
Added Component: Designator=U53(TC4424-DIP8)
Added Pin To Net: NetName=C_15V Pin=C3-1
Added Pin To Net: NetName=C_15V Pin=R4-1
Added Pin To Net: NetName=GNDP Pin=U1-4
Added Pin To Net: NetName=C_15V Pin=U1-9
Added Pin To Net: NetName=GNDC Pin=U1-14
Added Pin To Net: NetName=GNDC Pin=U6-1
Added Pin To Net: NetName=C_12V Pin=U6-2
Added Pin To Net: NetName=C_3.3V Pin=U6-3
Added Pin To Net: NetName=GNDC Pin=U52-1
Added Pin To Net: NetName=NetP1_4 Pin=U52-2
Added Pin To Net: NetName=GNDC Pin=U52-3
Added Pin To Net: NetName=NetP1_2 Pin=U52-4
Added Pin To Net: NetName=NetR5_1 Pin=U52-5
Added Pin To Net: NetName=C_15V Pin=U52-6
Added Pin To Net: NetName=NetR3_2 Pin=U52-7
Added Pin To Net: NetName=GNDC Pin=U52-8
Added Pin To Net: NetName=GNDC Pin=U53-1
Added Pin To Net: NetName=NetP1_3 Pin=U53-2
Added Pin To Net: NetName=GNDC Pin=U53-3
Added Pin To Net: NetName=GNDC Pin=U53-4
Added Pin To Net: NetName=C_15V Pin=U53-6
Added Pin To Net: NetName=NetR4_2 Pin=U53-7
Added Pin To Net: NetName=GNDC Pin=U53-8
Change Net Name : Old Net Name=Net*1_1 New Net Name=NetC2_1
Change Net Name : Old Net Name=Net*1_7 New Net Name=NetP2_1
Change Net Name : Old Net Name=Net*1_16 New Net Name=NetC29_1
Change Net Name : Old Net Name=Net*1_17 New Net Name=NetCF1_2
Change Net Name : Old Net Name=Net*1_18 New Net Name=NetR16_1
Change Net Name : Old Net Name=Net*1_19 New Net Name=NetP4_3
Change Net Name : Old Net Name=Net*1_21 New Net Name=NetP4_2
Change Net Name : Old Net Name=Net*1_22 New Net Name=NetP4_1
Change Net Name : Old Net Name=Net*2_1 New Net Name=NetP16_2
Change Net Name : Old Net Name=Net*2_7 New Net Name=NetP3_1
Change Net Name : Old Net Name=Net*2_16 New Net Name=NetC35_1
Change Net Name : Old Net Name=Net*2_17 New Net Name=NetCF2_2
Change Net Name : Old Net Name=Net*2_18 New Net Name=NetR21_1
Change Net Name : Old Net Name=Net*2_19 New Net Name=NetP6_3
Change Net Name : Old Net Name=Net*2_21 New Net Name=NetP6_2
Change Net Name : Old Net Name=Net*2_22 New Net Name=NetP6_1
Change Net Name : Old Net Name=Net*3_1 New Net Name=NetC39_1
Change Net Name : Old Net Name=Net*3_3 New Net Name=NetC40_1
Change Net Name : Old Net Name=Net*3_4 New Net Name=NetC40_2
Change Net Name : Old Net Name=Net*3_6 New Net Name=NetP8_1
Change Net Name : Old Net Name=Net*3_12 New Net Name=NetP8_3
Change Net Name : Old Net Name=Net*3_13 New Net Name=NetR29_1
Change Net Name : Old Net Name=Net*3_14 New Net Name=NetP8_2
Change Net Name : Old Net Name=Net*4_1 New Net Name=NetC48_1
Change Net Name : Old Net Name=Net*4_3 New Net Name=NetC49_1
Change Net Name : Old Net Name=Net*4_4 New Net Name=NetC49_2
Change Net Name : Old Net Name=Net*4_6 New Net Name=NetP10_1
Change Net Name : Old Net Name=Net*4_12 New Net Name=NetP10_3
Change Net Name : Old Net Name=Net*4_13 New Net Name=NetR40_1
Change Net Name : Old Net Name=Net*4_14 New Net Name=NetP10_2
Added Member To Class: ClassName=driver y convertidor Member=Component U52 TC4427
Added Member To Class: ClassName=driver y convertidor Member=Component U53 TC4427
