Removed Pin From Net: NetName=GND Pin=P5-1
Removed Pin From Net: NetName=GPIO-06 Pin=P5-2
Removed Pin From Net: NetName=GPIO-04 Pin=P5-3
Removed Pin From Net: NetName=GPIO-02 Pin=P5-4
Removed Pin From Net: NetName=GPIO-00 Pin=P5-5
Removed Pin From Net: NetName=GPIO-62 Pin=P5-6
Removed Pin From Net: NetName=ADCIN-B7 Pin=P5-7
Removed Pin From Net: NetName=GPIO-60 Pin=P5-8
Removed Pin From Net: NetName=ADCIN-B6 Pin=P5-9
Removed Pin From Net: NetName=ADCIN-B5 Pin=P5-10
Removed Member From Class: ClassName=TMS320F28335 Member=P5
Change Component Designator: OldDesignator=DS? NewDesignator=DS1
Change Component Designator: OldDesignator=S? NewDesignator=S1
Added Component: Designator=R29(R 1206)
Added Component: Designator=R30(R 1206)
Added Component: Designator=R31(R 1206)
Added Component: Designator=R32(R 1206)
Added Component: Designator=R33(R 1206)
Added Component: Designator=R34(R 1206)
Added Component: Designator=R35(R 1206)
Added Component: Designator=R36(R 1206)
Added Component: Designator=R37(R 1206)
Added Component: Designator=R38(R 1206)
Added Component: Designator=R39(R 1206)
Added Component: Designator=R40(R 1206)
Added Pin To Net: NetName=3V3 Pin=DS1-1
Added Pin To Net: NetName=3V3 Pin=DS1-6
Added Pin To Net: NetName=GPIO-08 Pin=J3-28
Added Pin To Net: NetName=GPIO-00 Pin=R29-1
Added Pin To Net: NetName=GPIO-02 Pin=R30-1
Added Pin To Net: NetName=GPIO-04 Pin=R31-1
Added Pin To Net: NetName=3V3 Pin=R32-1
Added Pin To Net: NetName=GPIO-06 Pin=R33-1
Added Pin To Net: NetName=3V3 Pin=R34-1
Added Pin To Net: NetName=GPIO-08 Pin=R35-1
Added Pin To Net: NetName=3V3 Pin=R36-1
Added Pin To Net: NetName=3V3 Pin=R38-1
Added Pin To Net: NetName=GND Pin=S1-5
Added Pin To Net: NetName=GND Pin=S1-6
Added Pin To Net: NetName=GND Pin=S1-7
Added Pin To Net: NetName=GND Pin=S1-8
Added Pin To Net: NetName=GPIO-10 Pin=J3-29
Added Pin To Net: NetName=GPIO-10 Pin=R37-1
Added Net: Name=GPIO-10
Added Pin To Net: NetName=GPIO-12 Pin=J3-33
Added Pin To Net: NetName=GPIO-12 Pin=R39-1
Added Net: Name=GPIO-12
Added Pin To Net: NetName=GPIO-15 Pin=J3-34
Added Pin To Net: NetName=GPIO-15 Pin=R40-1
Added Net: Name=GPIO-15
Added Pin To Net: NetName=GPIO-24 Pin=J3-35
Added Pin To Net: NetName=GPIO-24 Pin=R36-2
Added Pin To Net: NetName=GPIO-24 Pin=S1-3
Added Net: Name=GPIO-24
Added Pin To Net: NetName=GPIO-26 Pin=J3-36
Added Pin To Net: NetName=GPIO-26 Pin=R38-2
Added Pin To Net: NetName=GPIO-26 Pin=S1-4
Added Net: Name=GPIO-26
Added Pin To Net: NetName=GPIO-84 Pin=J3-31
Added Pin To Net: NetName=GPIO-84 Pin=R32-2
Added Pin To Net: NetName=GPIO-84 Pin=S1-1
Added Net: Name=GPIO-84
Added Pin To Net: NetName=GPIO-86 Pin=J3-32
Added Pin To Net: NetName=GPIO-86 Pin=R34-2
Added Pin To Net: NetName=GPIO-86 Pin=S1-2
Added Net: Name=GPIO-86
Added Pin To Net: NetName=NetDS1_2 Pin=DS1-2
Added Pin To Net: NetName=NetDS1_2 Pin=R37-2
Added Net: Name=NetDS1_2
Added Pin To Net: NetName=NetDS1_3 Pin=DS1-3
Added Pin To Net: NetName=NetDS1_3 Pin=R39-2
Added Net: Name=NetDS1_3
Added Pin To Net: NetName=NetDS1_4 Pin=DS1-4
Added Pin To Net: NetName=NetDS1_4 Pin=R35-2
Added Net: Name=NetDS1_4
Added Pin To Net: NetName=NetDS1_5 Pin=DS1-5
Added Pin To Net: NetName=NetDS1_5 Pin=R33-2
Added Net: Name=NetDS1_5
Added Pin To Net: NetName=NetDS1_7 Pin=DS1-7
Added Pin To Net: NetName=NetDS1_7 Pin=R40-2
Added Net: Name=NetDS1_7
Added Pin To Net: NetName=NetDS1_8 Pin=DS1-8
Added Pin To Net: NetName=NetDS1_8 Pin=R31-2
Added Net: Name=NetDS1_8
Added Pin To Net: NetName=NetDS1_9 Pin=DS1-9
Added Pin To Net: NetName=NetDS1_9 Pin=R30-2
Added Net: Name=NetDS1_9
Added Pin To Net: NetName=NetDS1_10 Pin=DS1-10
Added Pin To Net: NetName=NetDS1_10 Pin=R29-2
Added Net: Name=NetDS1_10
Added Member To Class: ClassName=TMS320F28335 Member=Component R29 R1k
Added Member To Class: ClassName=TMS320F28335 Member=Component R30 R1k
Added Member To Class: ClassName=TMS320F28335 Member=Component R31 R1k
Added Member To Class: ClassName=TMS320F28335 Member=Component R32 R1k
Added Member To Class: ClassName=TMS320F28335 Member=Component R33 R1k
Added Member To Class: ClassName=TMS320F28335 Member=Component R34 R1k
Added Member To Class: ClassName=TMS320F28335 Member=Component R35 R1k
Added Member To Class: ClassName=TMS320F28335 Member=Component R36 R1k
Added Member To Class: ClassName=TMS320F28335 Member=Component R37 R1k
Added Member To Class: ClassName=TMS320F28335 Member=Component R38 R1k
Added Member To Class: ClassName=TMS320F28335 Member=Component R39 R1k
Added Member To Class: ClassName=TMS320F28335 Member=Component R40 R1k
