Removed Pin From Net: NetName=NetP1_4 Pin=R3-2
Removed Pin From Net: NetName=NetP1_3 Pin=R4-2
Removed Pin From Net: NetName=NetP1_2 Pin=R5-1
Removed Pin From Net: NetName=NetP1_4 Pin=U1-10
Removed Pin From Net: NetName=NetP1_3 Pin=U1-11
Removed Pin From Net: NetName=NetP1_2 Pin=U1-12
Change Component Footprint: Designator=1 Old Footprint=HDR1X2-POT* New Footprint=HDR1X2H
Change Component Footprint: Designator=P2 Old Footprint=HDR1X2-POT* New Footprint=HDR1X2H
Change Component Footprint: Designator=P3 Old Footprint=HDR1X2-POT* New Footprint=HDR1X2H
Change Component Footprint: Designator=P16 Old Footprint=HDR1X2-POT* New Footprint=HDR1X2H
Added Component: Designator=U50(74HC04)
Added Component: Designator=U51(74HC04)
Added Pin To Net: NetName=NetP1_4 Pin=U50-1
Added Pin To Net: NetName=NetP1_3 Pin=U50-3
Added Pin To Net: NetName=NetP1_2 Pin=U50-5
Added Pin To Net: NetName=GNDC Pin=U50-7
Added Pin To Net: NetName=GNDC Pin=U50-9
Added Pin To Net: NetName=GNDC Pin=U50-11
Added Pin To Net: NetName=GNDC Pin=U50-13
Added Pin To Net: NetName=C_3.3V Pin=U50-14
Added Pin To Net: NetName=GNDC Pin=U51-7
Added Pin To Net: NetName=GNDC Pin=U51-9
Added Pin To Net: NetName=GNDC Pin=U51-11
Added Pin To Net: NetName=GNDC Pin=U51-13
Added Pin To Net: NetName=C_3.3V Pin=U51-14
Added Pin To Net: NetName=NetR3_2 Pin=R3-2
Added Pin To Net: NetName=NetR3_2 Pin=U1-10
Added Pin To Net: NetName=NetR3_2 Pin=U51-2
Added Net: Name=NetR3_2
Added Pin To Net: NetName=NetR4_2 Pin=R4-2
Added Pin To Net: NetName=NetR4_2 Pin=U1-11
Added Pin To Net: NetName=NetR4_2 Pin=U51-4
Added Net: Name=NetR4_2
Added Pin To Net: NetName=NetR5_1 Pin=R5-1
Added Pin To Net: NetName=NetR5_1 Pin=U1-12
Added Pin To Net: NetName=NetR5_1 Pin=U51-6
Added Net: Name=NetR5_1
Added Pin To Net: NetName=NetU50_2 Pin=U50-2
Added Pin To Net: NetName=NetU50_2 Pin=U51-1
Added Net: Name=NetU50_2
Added Pin To Net: NetName=NetU50_4 Pin=U50-4
Added Pin To Net: NetName=NetU50_4 Pin=U51-3
Added Net: Name=NetU50_4
Added Pin To Net: NetName=NetU50_6 Pin=U50-6
Added Pin To Net: NetName=NetU50_6 Pin=U51-5
Added Net: Name=NetU50_6
Added Member To Class: ClassName=driver y convertidor Member=Component U50 74HC04
Added Member To Class: ClassName=driver y convertidor Member=Component U51 74HC04
