Removed Pin From Net: NetName=NetNand_2 Pin=Op1-2
Removed Pin From Net: NetName=NetNand_1 Pin=Op2-2
Removed Pin From Net: NetName=NetNand_8 Pin=Op3-2
Added Component: Designator=Rl1(8-1206)
Added Component: Designator=Rl2(8-1206)
Added Component: Designator=Rl3(8-1206)
Added Pin To Net: NetName=NetNand_2 Pin=Rl1-1
Added Pin To Net: NetName=NetNand_1 Pin=Rl2-1
Added Pin To Net: NetName=NetNand_8 Pin=Rl3-1
Added Pin To Net: NetName=NetOp1_2 Pin=Op1-2
Added Pin To Net: NetName=NetOp1_2 Pin=Rl1-2
Added Net: Name=NetOp1_2
Added Pin To Net: NetName=NetOp2_2 Pin=Op2-2
Added Pin To Net: NetName=NetOp2_2 Pin=Rl2-2
Added Net: Name=NetOp2_2
Added Pin To Net: NetName=NetOp3_2 Pin=Op3-2
Added Pin To Net: NetName=NetOp3_2 Pin=Rl3-2
Added Net: Name=NetOp3_2
Added Member To Class: ClassName=driver y convertidor Member=Component Rl1 Rd1
Added Member To Class: ClassName=driver y convertidor Member=Component Rl2 Rd1
Added Member To Class: ClassName=driver y convertidor Member=Component Rl3 Rd1
