Added Component: Designator=C1(C 1206)
Added Component: Designator=C2(C 1206)
Added Component: Designator=C3(C 1206)
Added Component: Designator=C4(C 1206)
Added Component: Designator=C5(C 1206)
Added Component: Designator=C6(C 1206)
Added Component: Designator=C7(C 1206)
Added Component: Designator=C8(C 1206)
Added Component: Designator=C9(C 1206)
Added Component: Designator=C10(C 1206)
Added Component: Designator=C11(C 1206)
Added Component: Designator=C12(C 1206)
Added Component: Designator=C13(C 1206)
Added Component: Designator=C14(C 1206)
Added Component: Designator=C15(C 1206)
Added Component: Designator=C16(C 1206)
Added Component: Designator=C17(C 1206)
Added Component: Designator=C18(C 1206)
Added Component: Designator=C19(C 1206)
Added Component: Designator=C20(C 1206)
Added Component: Designator=C21(C 1206)
Added Component: Designator=C22(C 1206)
Added Component: Designator=C23(C 1206)
Added Component: Designator=C24(C 1206)
Added Component: Designator=C25(C 1206)
Added Component: Designator=C26(C 1206)
Added Component: Designator=C27(C 1206)
Added Component: Designator=C28(C 1206)
Added Component: Designator=C29(C 1206)
Added Component: Designator=C30(C 1206)
Added Component: Designator=C31(C 1206)
Added Component: Designator=C32(C 1206)
Added Component: Designator=C33(C 1206)
Added Component: Designator=C34(C 1206)
Added Component: Designator=C35(C 1206)
Added Component: Designator=C36(C 1206)
Added Component: Designator=C37(C 1206)
Added Component: Designator=C38(C 1206)
Added Component: Designator=C39(C 1206)
Added Component: Designator=C40(C 1206)
Added Component: Designator=C41(C 1206)
Added Component: Designator=C42(C 1206)
Added Component: Designator=C43(C 1206)
Added Component: Designator=J1(15-43-6588)
Added Component: Designator=J2(KLD-0202)
Added Component: Designator=J3(390213-1)
Added Component: Designator=LED1(LED 1206)
Added Component: Designator=LED2(LED 1206)
Added Component: Designator=LED3(LED 1206)
Added Component: Designator=LED4(LED 1206)
Added Component: Designator=P1(USBB)
Added Component: Designator=P2(sma)
Added Component: Designator=P3(sma)
Added Component: Designator=P4(H 1X4)
Added Component: Designator=P5(HDR1X10)
Added Component: Designator=P6(HDR2X7)
Added Component: Designator=Q1(TO-220AB)
Added Component: Designator=R1(R 1206)
Added Component: Designator=R2(R 1206)
Added Component: Designator=R3(R 1206)
Added Component: Designator=R4(R 1206)
Added Component: Designator=R5(R 1206)
Added Component: Designator=R6(R 1206)
Added Component: Designator=R7(R 1206)
Added Component: Designator=R8(R 1206)
Added Component: Designator=R9(R 1206)
Added Component: Designator=R10(R 1206)
Added Component: Designator=R11(R 1206)
Added Component: Designator=R12(R 1206)
Added Component: Designator=R13(R 1206)
Added Component: Designator=R14(R 1206)
Added Component: Designator=R15(R 1206)
Added Component: Designator=R16(R 1206)
Added Component: Designator=R17(R 1206)
Added Component: Designator=R18(R 1206)
Added Component: Designator=R19(R 1206)
Added Component: Designator=R20(R 1206)
Added Component: Designator=R21(R 1206)
Added Component: Designator=R22(R 1206)
Added Component: Designator=R23(R 1206)
Added Component: Designator=R24(R 1206)
Added Component: Designator=R25(R 1206)
Added Component: Designator=SW1(TACT SW)
Added Component: Designator=SW2(TACT SW)
Added Component: Designator=SW3(TACT SW)
Added Component: Designator=U1(M14A_N)
Added Component: Designator=U2(SOIC-14)
Added Component: Designator=U3(TI-DBV5_N)
Added Component: Designator=U4(LQFP-32_N)
Added Component: Designator=U5(DW0016A_N)
Added Component: Designator=U6(DCY4)
Added Component: Designator=U7(TI-DBV5_N)
Added Component: Designator=U8(DW0016A_N)
Added Component: Designator=U9(PWP)
Added Component: Designator=U10(TI-DBV5_N)
Added Component: Designator=W1(RAD-0.2)
Added Component: Designator=W2(RAD-0.2)
Added Component: Designator=Y1(Y TRHU)
Added Pin To Net: NetName=+VSENSE Pin=R16-2
Added Pin To Net: NetName=+VSENSE Pin=U9-22
Added Net: Name=+VSENSE
Added Pin To Net: NetName=3V3 N/C Pin=P6-5
Added Net: Name=3V3 N/C
Added Pin To Net: NetName=3V3OUT Pin=C17-2
Added Pin To Net: NetName=3V3OUT Pin=U4-6
Added Net: Name=3V3OUT
Added Pin To Net: NetName=3V3 Pin=C4-2
Added Pin To Net: NetName=3V3 Pin=C28-1
Added Pin To Net: NetName=3V3 Pin=C31-1
Added Pin To Net: NetName=3V3 Pin=C43-1
Added Pin To Net: NetName=3V3 Pin=P4-4
Added Pin To Net: NetName=3V3 Pin=R22-2
Added Pin To Net: NetName=3V3 Pin=R23-2
Added Pin To Net: NetName=3V3 Pin=U2-1
Added Pin To Net: NetName=3V3 Pin=U5-1
Added Pin To Net: NetName=3V3 Pin=U5-7
Added Pin To Net: NetName=3V3 Pin=U8-1
Added Pin To Net: NetName=3V3 Pin=U8-7
Added Pin To Net: NetName=3V3 Pin=U10-5
Added Net: Name=3V3
Added Pin To Net: NetName=5V Pin=C1-2
Added Pin To Net: NetName=5V Pin=C5-1
Added Pin To Net: NetName=5V Pin=C21-1
Added Pin To Net: NetName=5V Pin=C22-1
Added Pin To Net: NetName=5V Pin=C41-1
Added Pin To Net: NetName=5V Pin=J1-1
Added Pin To Net: NetName=5V Pin=J3-77
Added Pin To Net: NetName=5V Pin=J3-82
Added Pin To Net: NetName=5V Pin=J3-87
Added Pin To Net: NetName=5V Pin=J3-92
Added Pin To Net: NetName=5V Pin=J3-96
Added Pin To Net: NetName=5V Pin=P4-1
Added Pin To Net: NetName=5V Pin=Q1-2
Added Pin To Net: NetName=5V Pin=U1-4
Added Pin To Net: NetName=5V Pin=U2-14
Added Pin To Net: NetName=5V Pin=U10-1
Added Pin To Net: NetName=5V Pin=U10-3
Added Net: Name=5V
Added Pin To Net: NetName=A+ Pin=J1-3
Added Pin To Net: NetName=A+ Pin=R2-2
Added Net: Name=A+
Added Pin To Net: NetName=A- Pin=J1-4
Added Pin To Net: NetName=A- Pin=R1-2
Added Net: Name=A-
Added Pin To Net: NetName=ADCIN-B5 Pin=J3-17
Added Pin To Net: NetName=ADCIN-B5 Pin=P5-10
Added Net: Name=ADCIN-B5
Added Pin To Net: NetName=ADCIN-B6 Pin=J3-19
Added Pin To Net: NetName=ADCIN-B6 Pin=P5-9
Added Net: Name=ADCIN-B6
Added Pin To Net: NetName=ADCIN-B7 Pin=J3-21
Added Pin To Net: NetName=ADCIN-B7 Pin=P5-7
Added Net: Name=ADCIN-B7
Added Pin To Net: NetName=AGND Pin=C24-1
Added Pin To Net: NetName=AGND Pin=C25-1
Added Pin To Net: NetName=AGND Pin=C26-1
Added Pin To Net: NetName=AGND Pin=C27-1
Added Pin To Net: NetName=AGND Pin=C29-2
Added Pin To Net: NetName=AGND Pin=C30-2
Added Pin To Net: NetName=AGND Pin=C32-2
Added Pin To Net: NetName=AGND Pin=C34-2
Added Pin To Net: NetName=AGND Pin=C35-2
Added Pin To Net: NetName=AGND Pin=C36-2
Added Pin To Net: NetName=AGND Pin=C37-2
Added Pin To Net: NetName=AGND Pin=C38-2
Added Pin To Net: NetName=AGND Pin=C39-2
Added Pin To Net: NetName=AGND Pin=P2-2
Added Pin To Net: NetName=AGND Pin=P2-2
Added Pin To Net: NetName=AGND Pin=P2-2
Added Pin To Net: NetName=AGND Pin=P2-2
Added Pin To Net: NetName=AGND Pin=P3-2
Added Pin To Net: NetName=AGND Pin=P3-2
Added Pin To Net: NetName=AGND Pin=P3-2
Added Pin To Net: NetName=AGND Pin=P3-2
Added Pin To Net: NetName=AGND Pin=R18-1
Added Pin To Net: NetName=AGND Pin=R21-2
Added Pin To Net: NetName=AGND Pin=U5-9
Added Pin To Net: NetName=AGND Pin=U5-15
Added Pin To Net: NetName=AGND Pin=U6-2
Added Pin To Net: NetName=AGND Pin=U6-4
Added Pin To Net: NetName=AGND Pin=U7-2
Added Pin To Net: NetName=AGND Pin=U8-9
Added Pin To Net: NetName=AGND Pin=U8-15
Added Pin To Net: NetName=AGND Pin=U9-1
Added Pin To Net: NetName=AGND Pin=U9-4
Added Pin To Net: NetName=AGND Pin=U9-5
Added Pin To Net: NetName=AGND Pin=U9-11
Added Pin To Net: NetName=AGND Pin=U9-12
Added Pin To Net: NetName=AGND Pin=U9-23
Added Pin To Net: NetName=AGND Pin=W1-2
Added Pin To Net: NetName=AGND Pin=W2-2
Added Net: Name=AGND
Added Pin To Net: NetName=ALARM# Pin=R19-2
Added Pin To Net: NetName=ALARM# Pin=U8-12
Added Pin To Net: NetName=ALARM# Pin=U9-3
Added Net: Name=ALARM#
Added Pin To Net: NetName=A Pin=U1-1
Added Pin To Net: NetName=A Pin=U2-13
Added Net: Name=A
Added Pin To Net: NetName=AVCC Pin=C16-2
Added Pin To Net: NetName=AVCC Pin=R8-2
Added Pin To Net: NetName=AVCC Pin=U4-30
Added Net: Name=AVCC
Added Pin To Net: NetName=AVDD Pin=C25-2
Added Pin To Net: NetName=AVDD Pin=C27-2
Added Pin To Net: NetName=AVDD Pin=C35-1
Added Pin To Net: NetName=AVDD Pin=C36-1
Added Pin To Net: NetName=AVDD Pin=U6-3
Added Pin To Net: NetName=AVDD Pin=U7-1
Added Pin To Net: NetName=AVDD Pin=U7-3
Added Pin To Net: NetName=AVDD Pin=U9-24
Added Net: Name=AVDD
Added Pin To Net: NetName=B+ Pin=J1-5
Added Pin To Net: NetName=B+ Pin=R4-2
Added Net: Name=B+
Added Pin To Net: NetName=B- Pin=J1-6
Added Pin To Net: NetName=B- Pin=R3-2
Added Net: Name=B-
Added Pin To Net: NetName=B Pin=U1-7
Added Pin To Net: NetName=B Pin=U2-12
Added Net: Name=B
Added Pin To Net: NetName=CLR Pin=U8-13
Added Pin To Net: NetName=CLR Pin=U9-6
Added Net: Name=CLR
Added Pin To Net: NetName=CS# Pin=U8-14
Added Pin To Net: NetName=CS# Pin=U9-7
Added Net: Name=CS#
Added Pin To Net: NetName=DM Pin=P1-2
Added Pin To Net: NetName=DM Pin=R9-2
Added Net: Name=DM
Added Pin To Net: NetName=DP Pin=P1-3
Added Pin To Net: NetName=DP Pin=R10-2
Added Net: Name=DP
Added Pin To Net: NetName=DVDD Pin=C26-2
Added Pin To Net: NetName=DVDD Pin=C29-1
Added Pin To Net: NetName=DVDD Pin=C32-1
Added Pin To Net: NetName=DVDD Pin=C37-1
Added Pin To Net: NetName=DVDD Pin=R19-1
Added Pin To Net: NetName=DVDD Pin=U5-10
Added Pin To Net: NetName=DVDD Pin=U5-16
Added Pin To Net: NetName=DVDD Pin=U7-5
Added Pin To Net: NetName=DVDD Pin=U8-10
Added Pin To Net: NetName=DVDD Pin=U8-16
Added Pin To Net: NetName=DVDD Pin=U9-2
Added Net: Name=DVDD
Added Pin To Net: NetName=EMU0 Pin=J3-100
Added Pin To Net: NetName=EMU0 Pin=P6-13
Added Net: Name=EMU0
Added Pin To Net: NetName=EMU1 Pin=J3-50
Added Pin To Net: NetName=EMU1 Pin=P6-14
Added Net: Name=EMU1
Added Pin To Net: NetName=EQEPA-1 Pin=J3-40
Added Pin To Net: NetName=EQEPA-1 Pin=U2-2
Added Net: Name=EQEPA-1
Added Pin To Net: NetName=EQEPB-1 Pin=J3-90
Added Pin To Net: NetName=EQEPB-1 Pin=U2-3
Added Net: Name=EQEPB-1
Added Pin To Net: NetName=EQEPI-1 Pin=J3-91
Added Pin To Net: NetName=EQEPI-1 Pin=U2-4
Added Net: Name=EQEPI-1
Added Pin To Net: NetName=EQEPS-1 Pin=J3-41
Added Net: Name=EQEPS-1
Added Pin To Net: NetName=FA+ Pin=C3-2
Added Pin To Net: NetName=FA+ Pin=R2-1
Added Pin To Net: NetName=FA+ Pin=U1-3
Added Net: Name=FA+
Added Pin To Net: NetName=FA- Pin=C2-1
Added Pin To Net: NetName=FA- Pin=R1-1
Added Pin To Net: NetName=FA- Pin=U1-2
Added Net: Name=FA-
Added Pin To Net: NetName=FB+ Pin=C7-2
Added Pin To Net: NetName=FB+ Pin=R4-1
Added Pin To Net: NetName=FB+ Pin=U1-5
Added Net: Name=FB+
Added Pin To Net: NetName=FB- Pin=C6-1
Added Pin To Net: NetName=FB- Pin=R3-1
Added Pin To Net: NetName=FB- Pin=U1-6
Added Net: Name=FB-
Added Pin To Net: NetName=FZ+ Pin=C9-2
Added Pin To Net: NetName=FZ+ Pin=R7-1
Added Pin To Net: NetName=FZ+ Pin=U1-10
Added Net: Name=FZ+
Added Pin To Net: NetName=FZ- Pin=C8-1
Added Pin To Net: NetName=FZ- Pin=R6-1
Added Pin To Net: NetName=FZ- Pin=U1-9
Added Net: Name=FZ-
Added Pin To Net: NetName=GND Pin=C1-1
Added Pin To Net: NetName=GND Pin=C2-2
Added Pin To Net: NetName=GND Pin=C3-1
Added Pin To Net: NetName=GND Pin=C4-1
Added Pin To Net: NetName=GND Pin=C5-2
Added Pin To Net: NetName=GND Pin=C6-2
Added Pin To Net: NetName=GND Pin=C7-1
Added Pin To Net: NetName=GND Pin=C8-2
Added Pin To Net: NetName=GND Pin=C9-1
Added Pin To Net: NetName=GND Pin=C10-2
Added Pin To Net: NetName=GND Pin=C11-2
Added Pin To Net: NetName=GND Pin=C12-2
Added Pin To Net: NetName=GND Pin=C13-2
Added Pin To Net: NetName=GND Pin=C14-2
Added Pin To Net: NetName=GND Pin=C15-2
Added Pin To Net: NetName=GND Pin=C16-1
Added Pin To Net: NetName=GND Pin=C17-1
Added Pin To Net: NetName=GND Pin=C18-1
Added Pin To Net: NetName=GND Pin=C19-1
Added Pin To Net: NetName=GND Pin=C20-2
Added Pin To Net: NetName=GND Pin=C21-2
Added Pin To Net: NetName=GND Pin=C23-2
Added Pin To Net: NetName=GND Pin=C28-2
Added Pin To Net: NetName=GND Pin=C31-2
Added Pin To Net: NetName=GND Pin=C41-2
Added Pin To Net: NetName=GND Pin=C42-2
Added Pin To Net: NetName=GND Pin=C43-2
Added Pin To Net: NetName=GND Pin=J1-2
Added Pin To Net: NetName=GND Pin=J2-2
Added Pin To Net: NetName=GND Pin=J2-2A
Added Pin To Net: NetName=GND Pin=J2-2B
Added Pin To Net: NetName=GND Pin=J2-3
Added Pin To Net: NetName=GND Pin=J2-3A
Added Pin To Net: NetName=GND Pin=J2-3B
Added Pin To Net: NetName=GND Pin=J3-6
Added Pin To Net: NetName=GND Pin=J3-8
Added Pin To Net: NetName=GND Pin=J3-10
Added Pin To Net: NetName=GND Pin=J3-12
Added Pin To Net: NetName=GND Pin=J3-14
Added Pin To Net: NetName=GND Pin=J3-27
Added Pin To Net: NetName=GND Pin=J3-37
Added Pin To Net: NetName=GND Pin=J3-47
Added Pin To Net: NetName=GND Pin=J3-56
Added Pin To Net: NetName=GND Pin=J3-58
Added Pin To Net: NetName=GND Pin=J3-60
Added Pin To Net: NetName=GND Pin=J3-62
Added Pin To Net: NetName=GND Pin=J3-64
Added Pin To Net: NetName=GND Pin=P1-0
Added Pin To Net: NetName=GND Pin=P1-0
Added Pin To Net: NetName=GND Pin=P1-4
Added Pin To Net: NetName=GND Pin=P4-2
Added Pin To Net: NetName=GND Pin=P4-3
Added Pin To Net: NetName=GND Pin=P5-1
Added Pin To Net: NetName=GND Pin=P6-4
Added Pin To Net: NetName=GND Pin=P6-8
Added Pin To Net: NetName=GND Pin=P6-10
Added Pin To Net: NetName=GND Pin=P6-12
Added Pin To Net: NetName=GND Pin=R5-1
Added Pin To Net: NetName=GND Pin=R24-2
Added Pin To Net: NetName=GND Pin=R25-2
Added Pin To Net: NetName=GND Pin=SW1-1
Added Pin To Net: NetName=GND Pin=SW1-1
Added Pin To Net: NetName=GND Pin=SW2-1
Added Pin To Net: NetName=GND Pin=SW2-1
Added Pin To Net: NetName=GND Pin=SW3-1
Added Pin To Net: NetName=GND Pin=SW3-1
Added Pin To Net: NetName=GND Pin=U1-11
Added Pin To Net: NetName=GND Pin=U2-7
Added Pin To Net: NetName=GND Pin=U3-2
Added Pin To Net: NetName=GND Pin=U4-9
Added Pin To Net: NetName=GND Pin=U4-14
Added Pin To Net: NetName=GND Pin=U4-17
Added Pin To Net: NetName=GND Pin=U4-29
Added Pin To Net: NetName=GND Pin=U4-31
Added Pin To Net: NetName=GND Pin=U5-2
Added Pin To Net: NetName=GND Pin=U5-8
Added Pin To Net: NetName=GND Pin=U8-2
Added Pin To Net: NetName=GND Pin=U8-8
Added Pin To Net: NetName=GND Pin=U10-2
Added Net: Name=GND
Added Pin To Net: NetName=GPIO-00 Pin=J3-23
Added Pin To Net: NetName=GPIO-00 Pin=P5-5
Added Net: Name=GPIO-00
Added Pin To Net: NetName=GPIO-01 Pin=J3-73
Added Pin To Net: NetName=GPIO-01 Pin=LED3-1
Added Net: Name=GPIO-01
Added Pin To Net: NetName=GPIO-02 Pin=J3-24
Added Pin To Net: NetName=GPIO-02 Pin=P5-4
Added Net: Name=GPIO-02
Added Pin To Net: NetName=GPIO-03 Pin=J3-74
Added Pin To Net: NetName=GPIO-03 Pin=LED4-1
Added Net: Name=GPIO-03
Added Pin To Net: NetName=GPIO-04 Pin=J3-25
Added Pin To Net: NetName=GPIO-04 Pin=P5-3
Added Net: Name=GPIO-04
Added Pin To Net: NetName=GPIO-05 Pin=J3-75
Added Pin To Net: NetName=GPIO-05 Pin=R22-1
Added Pin To Net: NetName=GPIO-05 Pin=SW2-2
Added Pin To Net: NetName=GPIO-05 Pin=SW2-2
Added Net: Name=GPIO-05
Added Pin To Net: NetName=GPIO-06 Pin=J3-26
Added Pin To Net: NetName=GPIO-06 Pin=P5-2
Added Net: Name=GPIO-06
Added Pin To Net: NetName=GPIO-07 Pin=J3-76
Added Pin To Net: NetName=GPIO-07 Pin=R23-1
Added Pin To Net: NetName=GPIO-07 Pin=SW3-2
Added Pin To Net: NetName=GPIO-07 Pin=SW3-2
Added Net: Name=GPIO-07
Added Pin To Net: NetName=GPIO-14 Pin=J3-84
Added Pin To Net: NetName=GPIO-14 Pin=R5-2
Added Pin To Net: NetName=GPIO-14 Pin=U2-8
Added Net: Name=GPIO-14
Added Pin To Net: NetName=GPIO-25 Pin=J3-85
Added Pin To Net: NetName=GPIO-25 Pin=U8-5
Added Net: Name=GPIO-25
Added Pin To Net: NetName=GPIO-27 Pin=J3-86
Added Pin To Net: NetName=GPIO-27 Pin=U8-4
Added Net: Name=GPIO-27
Added Pin To Net: NetName=GPIO-60 Pin=J3-20
Added Pin To Net: NetName=GPIO-60 Pin=P5-8
Added Net: Name=GPIO-60
Added Pin To Net: NetName=GPIO-62 Pin=J3-22
Added Pin To Net: NetName=GPIO-62 Pin=P5-6
Added Net: Name=GPIO-62
Added Pin To Net: NetName=HART-IN Pin=C40-1
Added Pin To Net: NetName=HART-IN Pin=U9-18
Added Net: Name=HART-IN
Added Pin To Net: NetName=IOUT Pin=R20-2
Added Pin To Net: NetName=IOUT Pin=U9-19
Added Net: Name=IOUT
Added Pin To Net: NetName=MISO Pin=U5-12
Added Pin To Net: NetName=MISO Pin=U9-10
Added Net: Name=MISO
Added Pin To Net: NetName=MOSI Pin=U5-13
Added Pin To Net: NetName=MOSI Pin=U9-9
Added Net: Name=MOSI
Added Pin To Net: NetName=N/C Pin=P6-6
Added Net: Name=N/C
Added Pin To Net: NetName=NetC11_1 Pin=C11-1
Added Pin To Net: NetName=NetC11_1 Pin=U3-4
Added Net: Name=NetC11_1
Added Pin To Net: NetName=NetC30_1 Pin=C30-1
Added Pin To Net: NetName=NetC30_1 Pin=U7-4
Added Net: Name=NetC30_1
Added Pin To Net: NetName=NetC33_2 Pin=C33-2
Added Pin To Net: NetName=NetC33_2 Pin=U9-17
Added Net: Name=NetC33_2
Added Pin To Net: NetName=NetC34_1 Pin=C34-1
Added Pin To Net: NetName=NetC34_1 Pin=P2-1
Added Pin To Net: NetName=NetC34_1 Pin=R16-1
Added Pin To Net: NetName=NetC34_1 Pin=R17-1
Added Net: Name=NetC34_1
Added Pin To Net: NetName=NetC38_1 Pin=C38-1
Added Pin To Net: NetName=NetC38_1 Pin=P3-1
Added Pin To Net: NetName=NetC38_1 Pin=R20-1
Added Pin To Net: NetName=NetC38_1 Pin=W1-1
Added Net: Name=NetC38_1
Added Pin To Net: NetName=NetC40_2 Pin=C40-2
Added Pin To Net: NetName=NetC40_2 Pin=W2-1
Added Net: Name=NetC40_2
Added Pin To Net: NetName=NetC42_1 Pin=C42-1
Added Pin To Net: NetName=NetC42_1 Pin=U10-4
Added Net: Name=NetC42_1
Added Pin To Net: NetName=NetLED1_1 Pin=LED1-1
Added Pin To Net: NetName=NetLED1_1 Pin=R12-2
Added Net: Name=NetLED1_1
Added Pin To Net: NetName=NetLED2_1 Pin=LED2-1
Added Pin To Net: NetName=NetLED2_1 Pin=R13-2
Added Net: Name=NetLED2_1
Added Pin To Net: NetName=NetLED3_2 Pin=LED3-2
Added Pin To Net: NetName=NetLED3_2 Pin=R24-1
Added Net: Name=NetLED3_2
Added Pin To Net: NetName=NetLED4_2 Pin=LED4-2
Added Pin To Net: NetName=NetLED4_2 Pin=R25-1
Added Net: Name=NetLED4_2
Added Pin To Net: NetName=NetQ1_1 Pin=Q1-1
Added Pin To Net: NetName=NetQ1_1 Pin=R15-2
Added Net: Name=NetQ1_1
Added Pin To Net: NetName=NetR18_2 Pin=R18-2
Added Pin To Net: NetName=NetR18_2 Pin=U9-16
Added Net: Name=NetR18_2
Added Pin To Net: NetName=NetR21_1 Pin=R21-1
Added Pin To Net: NetName=NetR21_1 Pin=U9-13
Added Net: Name=NetR21_1
Added Pin To Net: NetName=PWREN# Pin=R15-1
Added Pin To Net: NetName=PWREN# Pin=U4-15
Added Net: Name=PWREN#
Added Pin To Net: NetName=REFIN Pin=C39-1
Added Pin To Net: NetName=REFIN Pin=U9-14
Added Pin To Net: NetName=REFIN Pin=U9-15
Added Net: Name=REFIN
Added Pin To Net: NetName=RESET# Pin=C23-1
Added Pin To Net: NetName=RESET# Pin=R14-1
Added Pin To Net: NetName=RESET# Pin=SW1-2
Added Pin To Net: NetName=RESET# Pin=SW1-2
Added Pin To Net: NetName=RESET# Pin=U4-4
Added Net: Name=RESET#
Added Pin To Net: NetName=RSTOUT# Pin=R11-1
Added Pin To Net: NetName=RSTOUT# Pin=U4-5
Added Net: Name=RSTOUT#
Added Pin To Net: NetName=RXD Pin=J3-93
Added Pin To Net: NetName=RXD Pin=U4-24
Added Net: Name=RXD
Added Pin To Net: NetName=RXLED# Pin=LED2-2
Added Pin To Net: NetName=RXLED# Pin=U4-11
Added Net: Name=RXLED#
Added Pin To Net: NetName=SCIRX-A Pin=J3-43
Added Pin To Net: NetName=SCIRX-A Pin=U4-25
Added Net: Name=SCIRX-A
Added Pin To Net: NetName=SCLK Pin=U5-14
Added Pin To Net: NetName=SCLK Pin=U9-8
Added Net: Name=SCLK
Added Pin To Net: NetName=SPICLK-A Pin=J3-39
Added Pin To Net: NetName=SPICLK-A Pin=U5-3
Added Net: Name=SPICLK-A
Added Pin To Net: NetName=SPISIMO-A Pin=J3-38
Added Pin To Net: NetName=SPISIMO-A Pin=U5-4
Added Net: Name=SPISIMO-A
Added Pin To Net: NetName=SPISOMI-A Pin=J3-88
Added Pin To Net: NetName=SPISOMI-A Pin=U5-5
Added Net: Name=SPISOMI-A
Added Pin To Net: NetName=SPISTE-A Pin=J3-89
Added Pin To Net: NetName=SPISTE-A Pin=U8-3
Added Net: Name=SPISTE-A
Added Pin To Net: NetName=SUPPLY Pin=C24-2
Added Pin To Net: NetName=SUPPLY Pin=J2-1
Added Pin To Net: NetName=SUPPLY Pin=J2-1A
Added Pin To Net: NetName=SUPPLY Pin=J2-1B
Added Pin To Net: NetName=SUPPLY Pin=U6-1
Added Net: Name=SUPPLY
Added Pin To Net: NetName=TCK Pin=J3-48
Added Pin To Net: NetName=TCK Pin=P6-9
Added Pin To Net: NetName=TCK Pin=P6-11
Added Net: Name=TCK
Added Pin To Net: NetName=TDI Pin=J3-97
Added Pin To Net: NetName=TDI Pin=P6-3
Added Net: Name=TDI
Added Pin To Net: NetName=TDO Pin=J3-98
Added Pin To Net: NetName=TDO Pin=P6-7
Added Net: Name=TDO
Added Pin To Net: NetName=TMS Pin=J3-49
Added Pin To Net: NetName=TMS Pin=P6-1
Added Net: Name=TMS
Added Pin To Net: NetName=TRSTN Pin=J3-99
Added Pin To Net: NetName=TRSTN Pin=P6-2
Added Net: Name=TRSTN
Added Pin To Net: NetName=TXLED# Pin=LED1-2
Added Pin To Net: NetName=TXLED# Pin=U4-12
Added Net: Name=TXLED#
Added Pin To Net: NetName=U5V Pin=C10-1
Added Pin To Net: NetName=U5V Pin=C14-1
Added Pin To Net: NetName=U5V Pin=C18-2
Added Pin To Net: NetName=U5V Pin=C19-2
Added Pin To Net: NetName=U5V Pin=C20-1
Added Pin To Net: NetName=U5V Pin=P1-1
Added Pin To Net: NetName=U5V Pin=Q1-3
Added Pin To Net: NetName=U5V Pin=R8-1
Added Pin To Net: NetName=U5V Pin=R14-2
Added Pin To Net: NetName=U5V Pin=U3-1
Added Pin To Net: NetName=U5V Pin=U3-3
Added Pin To Net: NetName=U5V Pin=U4-3
Added Pin To Net: NetName=U5V Pin=U4-26
Added Net: Name=U5V
Added Pin To Net: NetName=USBDM Pin=R9-1
Added Pin To Net: NetName=USBDM Pin=U4-8
Added Net: Name=USBDM
Added Pin To Net: NetName=USBDP Pin=R10-1
Added Pin To Net: NetName=USBDP Pin=R11-2
Added Pin To Net: NetName=USBDP Pin=U4-7
Added Net: Name=USBDP
Added Pin To Net: NetName=VCCIO Pin=C12-1
Added Pin To Net: NetName=VCCIO Pin=R12-1
Added Pin To Net: NetName=VCCIO Pin=R13-1
Added Pin To Net: NetName=VCCIO Pin=U3-5
Added Pin To Net: NetName=VCCIO Pin=U4-13
Added Net: Name=VCCIO
Added Pin To Net: NetName=VOUT Pin=C33-1
Added Pin To Net: NetName=VOUT Pin=R17-2
Added Pin To Net: NetName=VOUT Pin=U9-21
Added Net: Name=VOUT
Added Pin To Net: NetName=XTIN Pin=C13-1
Added Pin To Net: NetName=XTIN Pin=U4-27
Added Pin To Net: NetName=XTIN Pin=Y1-1
Added Net: Name=XTIN
Added Pin To Net: NetName=XTOUT Pin=C15-1
Added Pin To Net: NetName=XTOUT Pin=U4-28
Added Pin To Net: NetName=XTOUT Pin=Y1-2
Added Net: Name=XTOUT
Added Pin To Net: NetName=Z+ Pin=J1-7
Added Pin To Net: NetName=Z+ Pin=R7-2
Added Net: Name=Z+
Added Pin To Net: NetName=Z- Pin=J1-8
Added Pin To Net: NetName=Z- Pin=R6-2
Added Net: Name=Z-
Added Pin To Net: NetName=Z Pin=U1-8
Added Pin To Net: NetName=Z Pin=U2-11
Added Net: Name=Z
Added Class: Name=DAC
Added Class: Name=Encoder
Added Class: Name=TMS320F28335
Added Class: Name=USB-UART
Added Room: Name=DAC
Added Room: Name=Encoder
Added Room: Name=TMS320F28335
Added Room: Name=USB-UART
