Removed Pin From Net: NetName=AGND Pin=C24-1
Removed Pin From Net: NetName=AGND Pin=C25-1
Removed Pin From Net: NetName=AGND Pin=C26-1
Removed Pin From Net: NetName=AGND Pin=C27-1
Removed Pin From Net: NetName=AGND Pin=C29-2
Removed Pin From Net: NetName=AGND Pin=C30-2
Removed Pin From Net: NetName=AGND Pin=C32-2
Removed Pin From Net: NetName=AGND Pin=C34-2
Removed Pin From Net: NetName=AGND Pin=C35-2
Removed Pin From Net: NetName=AGND Pin=C36-2
Removed Pin From Net: NetName=AGND Pin=C37-2
Removed Pin From Net: NetName=AGND Pin=C38-2
Removed Pin From Net: NetName=AGND Pin=C39-2
Removed Pin From Net: NetName=AGND Pin=J2-2
Removed Pin From Net: NetName=AGND Pin=J2-3
Removed Pin From Net: NetName=AGND Pin=P2-2
Removed Pin From Net: NetName=AGND Pin=P2-2
Removed Pin From Net: NetName=AGND Pin=P2-2
Removed Pin From Net: NetName=AGND Pin=P2-2
Removed Pin From Net: NetName=AGND Pin=P3-2
Removed Pin From Net: NetName=AGND Pin=P3-2
Removed Pin From Net: NetName=AGND Pin=P3-2
Removed Pin From Net: NetName=AGND Pin=P3-2
Removed Pin From Net: NetName=AGND Pin=R21-2
Removed Pin From Net: NetName=AGND Pin=R?-1
Removed Pin From Net: NetName=AGND Pin=R?-1
Removed Pin From Net: NetName=AGND Pin=R?-2
Removed Pin From Net: NetName=AGND Pin=R?-2
Removed Pin From Net: NetName=AGND Pin=R?-2
Removed Pin From Net: NetName=AGND Pin=T1-12
Removed Pin From Net: NetName=AGND Pin=T1-13
Removed Pin From Net: NetName=AGND Pin=U5-9
Removed Pin From Net: NetName=AGND Pin=U5-15
Removed Pin From Net: NetName=AGND Pin=U6-2
Removed Pin From Net: NetName=AGND Pin=U6-4
Removed Pin From Net: NetName=AGND Pin=U7-2
Removed Pin From Net: NetName=AGND Pin=U8-9
Removed Pin From Net: NetName=AGND Pin=U8-15
Removed Pin From Net: NetName=AGND Pin=U9-1
Removed Pin From Net: NetName=AGND Pin=U9-4
Removed Pin From Net: NetName=AGND Pin=U9-5
Removed Pin From Net: NetName=AGND Pin=U9-11
Removed Pin From Net: NetName=AGND Pin=U9-12
Removed Pin From Net: NetName=AGND Pin=U9-16
Removed Pin From Net: NetName=AGND Pin=U9-23
Removed Pin From Net: NetName=AGND Pin=W1-2
Removed Pin From Net: NetName=AGND Pin=W2-2
Removed Pin From Net: NetName=AGND Pin=W3-2
Added Component: Designator=R42(R 1206)
Added Component: Designator=R43(R 1206)
Change Net Name : Old Net Name=AGND New Net Name=GND
Added Pin To Net: NetName=AGND Pin=C24-1
Added Pin To Net: NetName=AGND Pin=C25-1
Added Pin To Net: NetName=AGND Pin=C26-1
Added Pin To Net: NetName=AGND Pin=C27-1
Added Pin To Net: NetName=AGND Pin=C29-2
Added Pin To Net: NetName=AGND Pin=C30-2
Added Pin To Net: NetName=AGND Pin=C32-2
Added Pin To Net: NetName=AGND Pin=C34-2
Added Pin To Net: NetName=AGND Pin=C35-2
Added Pin To Net: NetName=AGND Pin=C36-2
Added Pin To Net: NetName=AGND Pin=C37-2
Added Pin To Net: NetName=AGND Pin=C38-2
Added Pin To Net: NetName=AGND Pin=C39-2
Added Pin To Net: NetName=AGND Pin=J2-2
Added Pin To Net: NetName=AGND Pin=J2-3
Added Pin To Net: NetName=AGND Pin=P2-2
Added Pin To Net: NetName=AGND Pin=P2-2
Added Pin To Net: NetName=AGND Pin=P2-2
Added Pin To Net: NetName=AGND Pin=P2-2
Added Pin To Net: NetName=AGND Pin=P3-2
Added Pin To Net: NetName=AGND Pin=P3-2
Added Pin To Net: NetName=AGND Pin=P3-2
Added Pin To Net: NetName=AGND Pin=P3-2
Added Pin To Net: NetName=AGND Pin=R21-2
Added Pin To Net: NetName=AGND Pin=R42-2
Added Pin To Net: NetName=AGND Pin=R43-1
Added Pin To Net: NetName=AGND Pin=R43-2
Added Pin To Net: NetName=AGND Pin=T1-12
Added Pin To Net: NetName=AGND Pin=T1-13
Added Pin To Net: NetName=AGND Pin=U5-9
Added Pin To Net: NetName=AGND Pin=U5-15
Added Pin To Net: NetName=AGND Pin=U6-2
Added Pin To Net: NetName=AGND Pin=U6-4
Added Pin To Net: NetName=AGND Pin=U7-2
Added Pin To Net: NetName=AGND Pin=U8-9
Added Pin To Net: NetName=AGND Pin=U8-15
Added Pin To Net: NetName=AGND Pin=U9-1
Added Pin To Net: NetName=AGND Pin=U9-4
Added Pin To Net: NetName=AGND Pin=U9-5
Added Pin To Net: NetName=AGND Pin=U9-11
Added Pin To Net: NetName=AGND Pin=U9-12
Added Pin To Net: NetName=AGND Pin=U9-16
Added Pin To Net: NetName=AGND Pin=U9-23
Added Pin To Net: NetName=AGND Pin=W1-2
Added Pin To Net: NetName=AGND Pin=W2-2
Added Pin To Net: NetName=AGND Pin=W3-2
Added Net: Name=AGND
Added Member To Class: ClassName=Power Supply Member=Component R42 R0
Added Member To Class: ClassName=Power Supply Member=Component R43 R0
