Drill Listing
=============
Drill: .01  Tool: 1  Feed: 95  Speed: 300
X 1035090  Y 1012590
X 1022500  Y 1029500
X 1031000  Y 1039000
X 1039000  Y 1047500
X 1036000  Y 1050000
X 1041500  Y 1050500
X 1031000  Y 1051000
X 1033500  Y 1061500
X 1030000  Y 1074000
X 1030000  Y 1082000
X 1045000  Y 1101000
X 1056500  Y 1096000
X 1069500  Y 1086000
X 1069500  Y 1070000
X 1049000  Y 1067500
X 1062500  Y 1057000
X 1055000  Y 1057000
X 1055000  Y 1032000
X 1060000  Y 1012500
X 1090000  Y 1012000
X 1080500  Y 1019000
X 1084500  Y 1019000
X 1090000  Y 1019500
X 1097000  Y 1021000
X 1082500  Y 1021500
X 1078000  Y 1021500
X 1086500  Y 1021500
X 1097000  Y 1025500
X 1095700  Y 1032700
X 1078346  Y 1035220
X 1080346  Y 1045220
X 1087500  Y 1045500
X 1093657  Y 1046720
X 1082346  Y 1048216
X 1096157  Y 1049220
X 1079846  Y 1052216
X 1087500  Y 1056500
X 1088000  Y 1060500
X 1086500  Y 1067500
X 1086500  Y 1074000
X 1090846  Y 1089716
X 1086000  Y 1106500
X 1088500  Y 1112500
X 1117600  Y 1120800
X 1111200  Y 1112500
X 1097846  Y 1105216
X 1102846  Y 1105216
X 1112846  Y 1105216
X 1107846  Y 1105216
X 1102500  Y 1075216
X 1107846  Y 1075216
X 1107846  Y 1065716
X 1102846  Y 1065716
X 1119500  Y 1060500
X 1103000  Y 1060500
X 1103300  Y 1056000
X 1119800  Y 1055400
X 1112346  Y 1051716
X 1107346  Y 1047716
X 1116800  Y 1047216
X 1112800  Y 1046500
X 1110600  Y 1044500
X 1112157  Y 1041720
X 1103500  Y 1037000
X 1119700  Y 1036800
X 1099300  Y 1029300
X 1101500  Y 1026600
X 1100000  Y 1012000
X 1110000  Y 1012000
X 1120000  Y 1012000
X 1130000  Y 1012000
X 1141500  Y 1012500
X 1138500  Y 1012500
X 1127000  Y 1020500
X 1124000  Y 1024500
X 1129000  Y 1025400
X 1134000  Y 1025500
X 1141500  Y 1027500
X 1123800  Y 1029700
X 1129100  Y 1029800
X 1146000  Y 1031500
X 1127800  Y 1034300
X 1140000  Y 1034500
X 1127500  Y 1038400
X 1140000  Y 1038500
X 1126600  Y 1044100
X 1143500  Y 1045400
X 1129800  Y 1046400
X 1124000  Y 1046500
X 1140000  Y 1048500
X 1129500  Y 1050500
X 1128000  Y 1053100
X 1140000  Y 1054500
X 1129000  Y 1056000
X 1124500  Y 1067500
X 1140500  Y 1070000
X 1129500  Y 1072000
X 1124500  Y 1074000
X 1140200  Y 1085800
X 1146000  Y 1086000
X 1129500  Y 1087500
X 1140100  Y 1097600
X 1129500  Y 1099500
X 1140400  Y 1107400
X 1129500  Y 1109500
X 1147000  Y 1111000
X 1145500  Y 1115000
X 1141500  Y 1125500
X 1161400  Y 1125800
X 1151500  Y 1125700
X 1149500  Y 1114500
X 1153500  Y 1114000
X 1160000  Y 1108500
X 1165000  Y 1106000
X 1161000  Y 1103500
X 1169500  Y 1102500
X 1153500  Y 1096500
X 1147800  Y 1080000
X 1165100  Y 1080000
X 1156000  Y 1079500
X 1167200  Y 1078000
X 1152300  Y 1076300
X 1162900  Y 1076000
X 1158300  Y 1059000
X 1157500  Y 1055000
X 1165500  Y 1051500
X 1157500  Y 1050500
X 1162500  Y 1049500
X 1151500  Y 1045000
X 1149500  Y 1042000
X 1169500  Y 1040500
X 1147500  Y 1038000
X 1155500  Y 1030500
X 1163500  Y 1030000
X 1157500  Y 1028500
X 1169000  Y 1028000
X 1161500  Y 1027000
X 1167500  Y 1016500
X 1171000  Y 1016500
X 1159500  Y 1016500
X 1161500  Y 1012000
X 1158500  Y 1012000
X 1148500  Y 1012000
X 1151500  Y 1012000
X 1183500  Y 1013000
X 1196500  Y 1013000
X 1193500  Y 1013000
X 1186500  Y 1013000
X 1191500  Y 1015500
X 1188500  Y 1015500
X 1177100  Y 1026900
X 1190800  Y 1027500
X 1175900  Y 1029900
X 1193000  Y 1030500
X 1183000  Y 1039000
X 1176800  Y 1040400
X 1194000  Y 1042500
X 1190000  Y 1042500
X 1186000  Y 1042500
X 1181000  Y 1042500
X 1184000  Y 1044500
X 1192000  Y 1045000
X 1188000  Y 1045000
X 1196000  Y 1045000
X 1179000  Y 1045500
X 1175300  Y 1050100
X 1192000  Y 1058500
X 1188000  Y 1058500
X 1196000  Y 1058500
X 1184000  Y 1058500
X 1186000  Y 1060500
X 1194000  Y 1060500
X 1190000  Y 1060500
X 1176500  Y 1082500
X 1178500  Y 1085000
X 1196000  Y 1090500
X 1192000  Y 1092500
X 1196000  Y 1093500
X 1183500  Y 1095000
X 1187500  Y 1095500
X 1191500  Y 1096000
X 1180500  Y 1097000
X 1190000  Y 1102300
X 1175000  Y 1114500
X 1185000  Y 1114500
X 1183000  Y 1125500
X 1173200  Y 1125600
X 1198800  Y 1125600
X 1204700  Y 1125600
X 1212500  Y 1125600
X 1206600  Y 1114500
X 1214500  Y 1114400
X 1197500  Y 1113500
X 1198600  Y 1108500
X 1219900  Y 1101800
X 1200500  Y 1101500
X 1210500  Y 1096500
X 1206500  Y 1096500
X 1210500  Y 1091500
X 1199500  Y 1091000
X 1210700  Y 1083700
X 1197500  Y 1078500
X 1216000  Y 1077100
X 1207100  Y 1077100
X 1199500  Y 1076500
X 1202900  Y 1076400
X 1212000  Y 1074000
X 1211500  Y 1070000
X 1209000  Y 1067000
X 1217000  Y 1065000
X 1212500  Y 1064500
X 1198000  Y 1060500
X 1222000  Y 1058500
X 1214300  Y 1058400
X 1203500  Y 1050500
X 1209000  Y 1049500
X 1212000  Y 1047500
X 1217500  Y 1045500
X 1210600  Y 1044600
X 1200500  Y 1044500
X 1198000  Y 1042500
X 1205500  Y 1042000
X 1215000  Y 1041500
X 1202500  Y 1041500
X 1218000  Y 1039500
X 1212000  Y 1038500
X 1204500  Y 1037000
X 1216500  Y 1031000
X 1220500  Y 1030000
X 1218500  Y 1027000
X 1216500  Y 1016600
X 1211500  Y 1015900
X 1207500  Y 1015900
X 1201500  Y 1015500
X 1198500  Y 1015500
X 1220000  Y 1013900
X 1213400  Y 1012800
X 1216600  Y 1012800
X 1206600  Y 1012500
X 1202594  Y 1012500
X 1241500  Y 1012000
X 1238500  Y 1012000
X 1232594  Y 1012590
X 1226500  Y 1014000
X 1235000  Y 1014500
X 1222500  Y 1016500
X 1230500  Y 1019000
X 1234500  Y 1019000
X 1237000  Y 1021000
X 1222500  Y 1027000
X 1227200  Y 1028700
X 1238500  Y 1034600
X 1227500  Y 1036500
X 1242500  Y 1039500
X 1225000  Y 1042500
X 1240000  Y 1044500
X 1228000  Y 1052500
X 1238600  Y 1056300
X 1225500  Y 1058500
X 1238500  Y 1062000
X 1228000  Y 1064000
X 1238500  Y 1066000
X 1228000  Y 1068000
X 1222500  Y 1076000
X 1241700  Y 1078100
X 1227800  Y 1083800
X 1238900  Y 1085800
X 1238900  Y 1089700
X 1246000  Y 1090000
X 1227600  Y 1091700
X 1238900  Y 1099500
X 1265500  Y 1115500
X 1268900  Y 1110500
X 1268500  Y 1090000
X 1258000  Y 1080500
X 1263000  Y 1075500
X 1258000  Y 1073500
X 1257590  Y 1065090
X 1266500  Y 1058500
X 1258090  Y 1057090
X 1256500  Y 1052500
X 1255500  Y 1049500
X 1262500  Y 1040000
X 1265500  Y 1037700
X 1253900  Y 1035400
X 1266000  Y 1032500
X 1267600  Y 1025000
X 1261900  Y 1023000
X 1264500  Y 1021000
X 1262000  Y 1015500
X 1258000  Y 1015500
X 1252600  Y 1012500
X 1257405  Y 1012500
X 1282594  Y 1012094
X 1293500  Y 1015000
X 1296500  Y 1015000
X 1286500  Y 1016000
X 1288500  Y 1018500
X 1291500  Y 1018500
X 1283000  Y 1019500
X 1279905  Y 1019905
X 1281500  Y 1023500
X 1272500  Y 1034500
X 1288000  Y 1035000
X 1278500  Y 1038000
X 1284000  Y 1051000
X 1286500  Y 1053500
X 1275500  Y 1060000
X 1278500  Y 1060000
X 1281500  Y 1060000
X 1281500  Y 1065600
X 1274500  Y 1071000
X 1288846  Y 1078216
X 1280000  Y 1097500
X 1292000  Y 1098000
X 1290000  Y 1101500
X 1277500  Y 1103500
X 1282500  Y 1106000
X 1279500  Y 1118500
X 1290000  Y 1122500
X 1316500  Y 1105000
X 1306500  Y 1105000
X 1321594  Y 1099094
X 1310500  Y 1098100
X 1306500  Y 1090500
X 1316594  Y 1087594
X 1304094  Y 1084594
X 1311090  Y 1075090
X 1315846  Y 1065716
X 1298500  Y 1065500
X 1307893  Y 1062078
X 1311830  Y 1062078
X 1300094  Y 1061094
X 1309862  Y 1059125
X 1311830  Y 1056173
X 1307893  Y 1056173
X 1319594  Y 1056094
X 1316846  Y 1052716
X 1300346  Y 1046716
X 1299000  Y 1033000
X 1303000  Y 1032500
X 1319000  Y 1031000
X 1308000  Y 1021500
X 1302000  Y 1021500
X 1314700  Y 1021500
X 1312000  Y 1021500
X 1305000  Y 1021500
X 1317300  Y 1021400
X 1307500  Y 1018500
X 1310000  Y 1016500
X 1301900  Y 1016500
X 1315000  Y 1015500
X 1318500  Y 1015500
X 1312500  Y 1013500
X 1307500  Y 1012500
X 1302094  Y 1012094
X 1323000  Y 1015000
X 1323000  Y 1025500
X 1328900  Y 1027000
X 1323500  Y 1029000
X 1337900  Y 1033000
X 1333400  Y 1037400
X 1323846  Y 1045216
X 1331000  Y 1047500
X 1330000  Y 1059500
X 1335000  Y 1068500
X 1324157  Y 1080720
X 1336500  Y 1087000
X 1326500  Y 1087500
X 1342000  Y 1099000
X 1331500  Y 1099000
X 1326500  Y 1104500
X 1336500  Y 1104500
End of Listing
